<?xml version="1.0" encoding="UTF-8"?>
<TestRun id="4f55f5ef-4d43-4c1c-8ed3-fca6103ecf5c" name="gbyatchr@GBCD7MDCD3J 2010-07-05 14:09:13" runUser="INT\gbyatchr" xmlns="http://microsoft.com/schemas/VisualStudio/TeamTest/2006">
  <TestRunConfiguration name="Local Test Run" id="95c38fd3-e296-4607-9f95-4676b0a6d2ca">
    <Description>This is a default test run configuration for a local test run.</Description>
    <Deployment runDeploymentRoot="C:\Documents and Settings\gbyatchr\My Documents\tecs-software-suite-2.5\Projects\project 06\Assembler\TestResults\gbyatchr_GBCD7MDCD3J 2010-07-05 14_09_13">
      <DeploymentItem filename="C:\Documents and Settings\gbyatchr\My Documents\tecs-software-suite-2.5\Projects\project 06\Assembler\AssemblerLib\bin\Debug\AssemblerLib.dll" />
    </Deployment>
    <TestTypeSpecific />
  </TestRunConfiguration>
  <ResultSummary outcome="Failed">
    <Counters total="1" executed="1" error="0" failed="1" timeout="0" aborted="0" inconclusive="0" passedButRunAborted="0" notRunnable="0" notExecuted="0" disconnected="0" warning="0" passed="0" completed="0" inProgress="0" pending="0" />
  </ResultSummary>
  <Times creation="2010-07-05T14:09:13.0395303+01:00" queuing="2010-07-05T14:09:14.7270087+01:00" start="2010-07-05T14:09:14.9926303+01:00" finish="2010-07-05T14:09:16.0707415+01:00" />
  <TestDefinitions>
    <UnitTest name="ParseDestTest" storage="c:\documents and settings\gbyatchr\my documents\tecs-software-suite-2.5\projects\project 06\assembler\assemblertest\bin\debug\assemblertest.dll" id="dd6dad73-eac6-aaf9-83ef-a924092e07de">
      <Css projectStructure="" iteration="" />
      <Owners>
        <Owner name="" />
      </Owners>
      <DeploymentItems>
        <DeploymentItem filename="AssemblerLib.dll" />
      </DeploymentItems>
      <Execution id="48265fed-2692-4c13-ba2a-2dc0da85aede" />
      <TestMethod codeBase="C:\Documents and Settings\gbyatchr\My Documents\tecs-software-suite-2.5\Projects\project 06\Assembler\AssemblerTest\bin\Debug\AssemblerTest.dll" adapterTypeName="Microsoft.VisualStudio.TestTools.TestTypes.Unit.UnitTestAdapter, Microsoft.VisualStudio.QualityTools.Tips.UnitTest.Adapter, Version=9.0.0.0, Culture=neutral, PublicKeyToken=b03f5f7f11d50a3a" className="AssemblerTest.CinstructionTest, AssemblerTest" name="ParseDestTest" />
    </UnitTest>
  </TestDefinitions>
  <TestLists>
    <TestList name="Results Not in a List" id="8c84fa94-04c1-424b-9868-57a2d4851a1d" />
    <TestList name="All Loaded Results" id="19431567-8539-422a-85d7-44ee4e166bda" />
  </TestLists>
  <TestEntries>
    <TestEntry testId="dd6dad73-eac6-aaf9-83ef-a924092e07de" executionId="48265fed-2692-4c13-ba2a-2dc0da85aede" testListId="8c84fa94-04c1-424b-9868-57a2d4851a1d" />
  </TestEntries>
  <Results>
    <UnitTestResult executionId="48265fed-2692-4c13-ba2a-2dc0da85aede" testId="dd6dad73-eac6-aaf9-83ef-a924092e07de" testName="ParseDestTest" computerName="GBCD7MDCD3J" duration="00:00:00.1050514" startTime="2010-07-05T14:09:15.0707543+01:00" endTime="2010-07-05T14:09:15.9613679+01:00" testType="13cdc9d9-ddb5-4fa4-a97d-d965ccfc6d4b" outcome="Failed" testListId="8c84fa94-04c1-424b-9868-57a2d4851a1d">
      <Output>
        <ErrorInfo>
          <Message>Assert.AreEqual failed. Expected:&lt;1&gt;. Actual:&lt;0&gt;. </Message>
          <StackTrace>   at AssemblerTest.CinstructionTest.ParseDestTest() in C:\Documents and Settings\gbyatchr\My Documents\tecs-software-suite-2.5\Projects\project 06\Assembler\AssemblerTest\CinstructionTest.cs:line 51
</StackTrace>
        </ErrorInfo>
      </Output>
    </UnitTestResult>
  </Results>
</TestRun>