<?xml version="1.0" encoding="UTF-8"?>
<TestRun id="026334e3-5b42-4877-ba25-eb08785d0f3b" name="gbyatchr@GBCD7MDCD3J 2010-07-05 15:03:07" runUser="INT\gbyatchr" xmlns="http://microsoft.com/schemas/VisualStudio/TeamTest/2006">
  <TestRunConfiguration name="Local Test Run" id="95c38fd3-e296-4607-9f95-4676b0a6d2ca">
    <Description>This is a default test run configuration for a local test run.</Description>
    <Deployment runDeploymentRoot="C:\Documents and Settings\gbyatchr\My Documents\tecs-software-suite-2.5\Projects\project 06\Assembler\TestResults\gbyatchr_GBCD7MDCD3J 2010-07-05 15_03_07">
      <DeploymentItem filename="C:\Documents and Settings\gbyatchr\My Documents\tecs-software-suite-2.5\Projects\project 06\Assembler\AssemblerLib\bin\Debug\AssemblerLib.dll" />
    </Deployment>
    <TestTypeSpecific />
  </TestRunConfiguration>
  <ResultSummary outcome="Completed">
    <Counters total="12" executed="12" passed="12" error="0" failed="0" timeout="0" aborted="0" inconclusive="0" passedButRunAborted="0" notRunnable="0" notExecuted="0" disconnected="0" warning="0" completed="0" inProgress="0" pending="0" />
  </ResultSummary>
  <Times creation="2010-07-05T15:03:07.9512479+01:00" queuing="2010-07-05T15:03:10.2480935+01:00" start="2010-07-05T15:03:10.6230887+01:00" finish="2010-07-05T15:03:14.3574159+01:00" />
  <TestDefinitions>
    <UnitTest name="ParseJump" storage="c:\documents and settings\gbyatchr\my documents\tecs-software-suite-2.5\projects\project 06\assembler\assemblertest\bin\debug\assemblertest.dll" id="f337076f-4e2e-06ce-0e05-eabf6c063124">
      <Css projectStructure="" iteration="" />
      <Owners>
        <Owner name="" />
      </Owners>
      <DeploymentItems>
        <DeploymentItem filename="AssemblerLib.dll" />
      </DeploymentItems>
      <Execution id="47251f75-2c74-4eed-b32a-7c7ddd379c0d" />
      <TestMethod codeBase="C:\Documents and Settings\gbyatchr\My Documents\tecs-software-suite-2.5\Projects\project 06\Assembler\AssemblerTest\bin\Debug\AssemblerTest.dll" adapterTypeName="Microsoft.VisualStudio.TestTools.TestTypes.Unit.UnitTestAdapter, Microsoft.VisualStudio.QualityTools.Tips.UnitTest.Adapter, Version=9.0.0.0, Culture=neutral, PublicKeyToken=b03f5f7f11d50a3a" className="AssemblerTest.CinstructionTest, AssemblerTest" name="ParseJump" />
    </UnitTest>
    <UnitTest name="ParseJumpInvalidLongVal" storage="c:\documents and settings\gbyatchr\my documents\tecs-software-suite-2.5\projects\project 06\assembler\assemblertest\bin\debug\assemblertest.dll" id="7a0f74d5-7aa8-6f11-fdc6-8fef300999de">
      <Css projectStructure="" iteration="" />
      <Owners>
        <Owner name="" />
      </Owners>
      <DeploymentItems>
        <DeploymentItem filename="AssemblerLib.dll" />
      </DeploymentItems>
      <Execution id="ba340ac6-590e-450b-89af-442973386523" />
      <TestMethod codeBase="C:\Documents and Settings\gbyatchr\My Documents\tecs-software-suite-2.5\Projects\project 06\Assembler\AssemblerTest\bin\Debug\AssemblerTest.dll" adapterTypeName="Microsoft.VisualStudio.TestTools.TestTypes.Unit.UnitTestAdapter, Microsoft.VisualStudio.QualityTools.Tips.UnitTest.Adapter, Version=9.0.0.0, Culture=neutral, PublicKeyToken=b03f5f7f11d50a3a" className="AssemblerTest.CinstructionTest, AssemblerTest" name="ParseJumpInvalidLongVal" />
    </UnitTest>
    <UnitTest name="ParseComp" storage="c:\documents and settings\gbyatchr\my documents\tecs-software-suite-2.5\projects\project 06\assembler\assemblertest\bin\debug\assemblertest.dll" id="11204abf-706d-312a-0711-738238b6c64e">
      <Css projectStructure="" iteration="" />
      <Owners>
        <Owner name="" />
      </Owners>
      <DeploymentItems>
        <DeploymentItem filename="AssemblerLib.dll" />
      </DeploymentItems>
      <Execution id="fb36fd13-82e2-499c-a466-879ccb20e658" />
      <TestMethod codeBase="C:\Documents and Settings\gbyatchr\My Documents\tecs-software-suite-2.5\Projects\project 06\Assembler\AssemblerTest\bin\Debug\AssemblerTest.dll" adapterTypeName="Microsoft.VisualStudio.TestTools.TestTypes.Unit.UnitTestAdapter, Microsoft.VisualStudio.QualityTools.Tips.UnitTest.Adapter, Version=9.0.0.0, Culture=neutral, PublicKeyToken=b03f5f7f11d50a3a" className="AssemblerTest.CinstructionTest, AssemblerTest" name="ParseComp" />
    </UnitTest>
    <UnitTest name="ParseDestTest" storage="c:\documents and settings\gbyatchr\my documents\tecs-software-suite-2.5\projects\project 06\assembler\assemblertest\bin\debug\assemblertest.dll" id="dd6dad73-eac6-aaf9-83ef-a924092e07de">
      <Css projectStructure="" iteration="" />
      <Owners>
        <Owner name="" />
      </Owners>
      <DeploymentItems>
        <DeploymentItem filename="AssemblerLib.dll" />
      </DeploymentItems>
      <Execution id="1f1b35e8-9308-40ae-ba04-60ddfda598fd" />
      <TestMethod codeBase="C:\Documents and Settings\gbyatchr\My Documents\tecs-software-suite-2.5\Projects\project 06\Assembler\AssemblerTest\bin\Debug\AssemblerTest.dll" adapterTypeName="Microsoft.VisualStudio.TestTools.TestTypes.Unit.UnitTestAdapter, Microsoft.VisualStudio.QualityTools.Tips.UnitTest.Adapter, Version=9.0.0.0, Culture=neutral, PublicKeyToken=b03f5f7f11d50a3a" className="AssemblerTest.CinstructionTest, AssemblerTest" name="ParseDestTest" />
    </UnitTest>
    <UnitTest name="AInstruction" storage="c:\documents and settings\gbyatchr\my documents\tecs-software-suite-2.5\projects\project 06\assembler\assemblertest\bin\debug\assemblertest.dll" id="24fe5760-225c-4cd3-9876-b5cb10f101dc">
      <Css projectStructure="" iteration="" />
      <Owners>
        <Owner name="" />
      </Owners>
      <Execution id="500188ae-7f2c-4da3-9b5a-31ef4f1c00b8" />
      <TestMethod codeBase="C:\Documents and Settings\gbyatchr\My Documents\tecs-software-suite-2.5\Projects\project 06\Assembler\AssemblerTest\bin\Debug\AssemblerTest.dll" adapterTypeName="Microsoft.VisualStudio.TestTools.TestTypes.Unit.UnitTestAdapter, Microsoft.VisualStudio.QualityTools.Tips.UnitTest.Adapter, Version=9.0.0.0, Culture=neutral, PublicKeyToken=b03f5f7f11d50a3a" className="AssemblerTest.AssemblerTests, AssemblerTest" name="AInstruction" />
    </UnitTest>
    <UnitTest name="Comment" storage="c:\documents and settings\gbyatchr\my documents\tecs-software-suite-2.5\projects\project 06\assembler\assemblertest\bin\debug\assemblertest.dll" id="e5f24ff9-72b1-710a-0150-cb0bd7e5710b">
      <Css projectStructure="" iteration="" />
      <Owners>
        <Owner name="" />
      </Owners>
      <Execution id="1812ce3b-9851-4743-bf53-89575d663f63" />
      <TestMethod codeBase="C:\Documents and Settings\gbyatchr\My Documents\tecs-software-suite-2.5\Projects\project 06\Assembler\AssemblerTest\bin\Debug\AssemblerTest.dll" adapterTypeName="Microsoft.VisualStudio.TestTools.TestTypes.Unit.UnitTestAdapter, Microsoft.VisualStudio.QualityTools.Tips.UnitTest.Adapter, Version=9.0.0.0, Culture=neutral, PublicKeyToken=b03f5f7f11d50a3a" className="AssemblerTest.AssemblerTests, AssemblerTest" name="Comment" />
    </UnitTest>
    <UnitTest name="ParseDestInvalidValLowercase" storage="c:\documents and settings\gbyatchr\my documents\tecs-software-suite-2.5\projects\project 06\assembler\assemblertest\bin\debug\assemblertest.dll" id="95405022-f83d-f9a8-744e-236e37904cac">
      <Css projectStructure="" iteration="" />
      <Owners>
        <Owner name="" />
      </Owners>
      <DeploymentItems>
        <DeploymentItem filename="AssemblerLib.dll" />
      </DeploymentItems>
      <Execution id="faf4a75b-8c2a-47c4-94d5-36491118dfd6" />
      <TestMethod codeBase="C:\Documents and Settings\gbyatchr\My Documents\tecs-software-suite-2.5\Projects\project 06\Assembler\AssemblerTest\bin\Debug\AssemblerTest.dll" adapterTypeName="Microsoft.VisualStudio.TestTools.TestTypes.Unit.UnitTestAdapter, Microsoft.VisualStudio.QualityTools.Tips.UnitTest.Adapter, Version=9.0.0.0, Culture=neutral, PublicKeyToken=b03f5f7f11d50a3a" className="AssemblerTest.CinstructionTest, AssemblerTest" name="ParseDestInvalidValLowercase" />
    </UnitTest>
    <UnitTest name="ParseDestInvalidVal" storage="c:\documents and settings\gbyatchr\my documents\tecs-software-suite-2.5\projects\project 06\assembler\assemblertest\bin\debug\assemblertest.dll" id="1f54e70b-5fa5-2548-5dd7-ffb8a2f27389">
      <Css projectStructure="" iteration="" />
      <Owners>
        <Owner name="" />
      </Owners>
      <DeploymentItems>
        <DeploymentItem filename="AssemblerLib.dll" />
      </DeploymentItems>
      <Execution id="51562f7d-fead-4b88-a9b6-6e73de072640" />
      <TestMethod codeBase="C:\Documents and Settings\gbyatchr\My Documents\tecs-software-suite-2.5\Projects\project 06\Assembler\AssemblerTest\bin\Debug\AssemblerTest.dll" adapterTypeName="Microsoft.VisualStudio.TestTools.TestTypes.Unit.UnitTestAdapter, Microsoft.VisualStudio.QualityTools.Tips.UnitTest.Adapter, Version=9.0.0.0, Culture=neutral, PublicKeyToken=b03f5f7f11d50a3a" className="AssemblerTest.CinstructionTest, AssemblerTest" name="ParseDestInvalidVal" />
    </UnitTest>
    <UnitTest name="ParseCompTestInvalid" storage="c:\documents and settings\gbyatchr\my documents\tecs-software-suite-2.5\projects\project 06\assembler\assemblertest\bin\debug\assemblertest.dll" id="edd8a708-f22f-d9d7-05ab-8b7660630bf9">
      <Css projectStructure="" iteration="" />
      <Owners>
        <Owner name="" />
      </Owners>
      <DeploymentItems>
        <DeploymentItem filename="AssemblerLib.dll" />
      </DeploymentItems>
      <Execution id="12bf9255-cf58-4c62-aa1d-8a05b07cec3e" />
      <TestMethod codeBase="C:\Documents and Settings\gbyatchr\My Documents\tecs-software-suite-2.5\Projects\project 06\Assembler\AssemblerTest\bin\Debug\AssemblerTest.dll" adapterTypeName="Microsoft.VisualStudio.TestTools.TestTypes.Unit.UnitTestAdapter, Microsoft.VisualStudio.QualityTools.Tips.UnitTest.Adapter, Version=9.0.0.0, Culture=neutral, PublicKeyToken=b03f5f7f11d50a3a" className="AssemblerTest.CinstructionTest, AssemblerTest" name="ParseCompTestInvalid" />
    </UnitTest>
    <UnitTest name="ParseJumpInvalidShortVal" storage="c:\documents and settings\gbyatchr\my documents\tecs-software-suite-2.5\projects\project 06\assembler\assemblertest\bin\debug\assemblertest.dll" id="704348f8-c521-d394-61cf-5d37dc9c9000">
      <Css projectStructure="" iteration="" />
      <Owners>
        <Owner name="" />
      </Owners>
      <DeploymentItems>
        <DeploymentItem filename="AssemblerLib.dll" />
      </DeploymentItems>
      <Execution id="61f92f4d-282d-4862-ab9c-2a8faa1ebf4b" />
      <TestMethod codeBase="C:\Documents and Settings\gbyatchr\My Documents\tecs-software-suite-2.5\Projects\project 06\Assembler\AssemblerTest\bin\Debug\AssemblerTest.dll" adapterTypeName="Microsoft.VisualStudio.TestTools.TestTypes.Unit.UnitTestAdapter, Microsoft.VisualStudio.QualityTools.Tips.UnitTest.Adapter, Version=9.0.0.0, Culture=neutral, PublicKeyToken=b03f5f7f11d50a3a" className="AssemblerTest.CinstructionTest, AssemblerTest" name="ParseJumpInvalidShortVal" />
    </UnitTest>
    <UnitTest name="ParseDestInvalidLong" storage="c:\documents and settings\gbyatchr\my documents\tecs-software-suite-2.5\projects\project 06\assembler\assemblertest\bin\debug\assemblertest.dll" id="f662f0c7-2dee-6a0c-3fe7-c790e1e75161">
      <Css projectStructure="" iteration="" />
      <Owners>
        <Owner name="" />
      </Owners>
      <DeploymentItems>
        <DeploymentItem filename="AssemblerLib.dll" />
      </DeploymentItems>
      <Execution id="c5f953a7-b724-458c-9eb7-599e313187d9" />
      <TestMethod codeBase="C:\Documents and Settings\gbyatchr\My Documents\tecs-software-suite-2.5\Projects\project 06\Assembler\AssemblerTest\bin\Debug\AssemblerTest.dll" adapterTypeName="Microsoft.VisualStudio.TestTools.TestTypes.Unit.UnitTestAdapter, Microsoft.VisualStudio.QualityTools.Tips.UnitTest.Adapter, Version=9.0.0.0, Culture=neutral, PublicKeyToken=b03f5f7f11d50a3a" className="AssemblerTest.CinstructionTest, AssemblerTest" name="ParseDestInvalidLong" />
    </UnitTest>
    <UnitTest name="CInstruction" storage="c:\documents and settings\gbyatchr\my documents\tecs-software-suite-2.5\projects\project 06\assembler\assemblertest\bin\debug\assemblertest.dll" id="4b11b75b-082c-a96c-6ad6-72d9a816aa1e">
      <Css projectStructure="" iteration="" />
      <Owners>
        <Owner name="" />
      </Owners>
      <Execution id="46248c03-2c9a-48ad-acd9-82184c513b43" />
      <TestMethod codeBase="C:\Documents and Settings\gbyatchr\My Documents\tecs-software-suite-2.5\Projects\project 06\Assembler\AssemblerTest\bin\Debug\AssemblerTest.dll" adapterTypeName="Microsoft.VisualStudio.TestTools.TestTypes.Unit.UnitTestAdapter, Microsoft.VisualStudio.QualityTools.Tips.UnitTest.Adapter, Version=9.0.0.0, Culture=neutral, PublicKeyToken=b03f5f7f11d50a3a" className="AssemblerTest.AssemblerTests, AssemblerTest" name="CInstruction" />
    </UnitTest>
  </TestDefinitions>
  <TestLists>
    <TestList name="Results Not in a List" id="8c84fa94-04c1-424b-9868-57a2d4851a1d" />
    <TestList name="All Loaded Results" id="19431567-8539-422a-85d7-44ee4e166bda" />
  </TestLists>
  <TestEntries>
    <TestEntry testId="24fe5760-225c-4cd3-9876-b5cb10f101dc" executionId="500188ae-7f2c-4da3-9b5a-31ef4f1c00b8" testListId="8c84fa94-04c1-424b-9868-57a2d4851a1d" />
    <TestEntry testId="4b11b75b-082c-a96c-6ad6-72d9a816aa1e" executionId="46248c03-2c9a-48ad-acd9-82184c513b43" testListId="8c84fa94-04c1-424b-9868-57a2d4851a1d" />
    <TestEntry testId="dd6dad73-eac6-aaf9-83ef-a924092e07de" executionId="1f1b35e8-9308-40ae-ba04-60ddfda598fd" testListId="8c84fa94-04c1-424b-9868-57a2d4851a1d" />
    <TestEntry testId="7a0f74d5-7aa8-6f11-fdc6-8fef300999de" executionId="ba340ac6-590e-450b-89af-442973386523" testListId="8c84fa94-04c1-424b-9868-57a2d4851a1d" />
    <TestEntry testId="704348f8-c521-d394-61cf-5d37dc9c9000" executionId="61f92f4d-282d-4862-ab9c-2a8faa1ebf4b" testListId="8c84fa94-04c1-424b-9868-57a2d4851a1d" />
    <TestEntry testId="1f54e70b-5fa5-2548-5dd7-ffb8a2f27389" executionId="51562f7d-fead-4b88-a9b6-6e73de072640" testListId="8c84fa94-04c1-424b-9868-57a2d4851a1d" />
    <TestEntry testId="f337076f-4e2e-06ce-0e05-eabf6c063124" executionId="47251f75-2c74-4eed-b32a-7c7ddd379c0d" testListId="8c84fa94-04c1-424b-9868-57a2d4851a1d" />
    <TestEntry testId="95405022-f83d-f9a8-744e-236e37904cac" executionId="faf4a75b-8c2a-47c4-94d5-36491118dfd6" testListId="8c84fa94-04c1-424b-9868-57a2d4851a1d" />
    <TestEntry testId="f662f0c7-2dee-6a0c-3fe7-c790e1e75161" executionId="c5f953a7-b724-458c-9eb7-599e313187d9" testListId="8c84fa94-04c1-424b-9868-57a2d4851a1d" />
    <TestEntry testId="edd8a708-f22f-d9d7-05ab-8b7660630bf9" executionId="12bf9255-cf58-4c62-aa1d-8a05b07cec3e" testListId="8c84fa94-04c1-424b-9868-57a2d4851a1d" />
    <TestEntry testId="11204abf-706d-312a-0711-738238b6c64e" executionId="fb36fd13-82e2-499c-a466-879ccb20e658" testListId="8c84fa94-04c1-424b-9868-57a2d4851a1d" />
    <TestEntry testId="e5f24ff9-72b1-710a-0150-cb0bd7e5710b" executionId="1812ce3b-9851-4743-bf53-89575d663f63" testListId="8c84fa94-04c1-424b-9868-57a2d4851a1d" />
  </TestEntries>
  <Results>
    <UnitTestResult executionId="500188ae-7f2c-4da3-9b5a-31ef4f1c00b8" testId="24fe5760-225c-4cd3-9876-b5cb10f101dc" testName="AInstruction" computerName="GBCD7MDCD3J" duration="00:00:00.2558329" startTime="2010-07-05T15:03:10.8574607+01:00" endTime="2010-07-05T15:03:13.9511711+01:00" testType="13cdc9d9-ddb5-4fa4-a97d-d965ccfc6d4b" outcome="Passed" testListId="8c84fa94-04c1-424b-9868-57a2d4851a1d">
      <Output>
      </Output>
    </UnitTestResult>
    <UnitTestResult executionId="46248c03-2c9a-48ad-acd9-82184c513b43" testId="4b11b75b-082c-a96c-6ad6-72d9a816aa1e" testName="CInstruction" computerName="GBCD7MDCD3J" duration="00:00:00.1370400" startTime="2010-07-05T15:03:13.9511711+01:00" endTime="2010-07-05T15:03:14.0917943+01:00" testType="13cdc9d9-ddb5-4fa4-a97d-d965ccfc6d4b" outcome="Passed" testListId="8c84fa94-04c1-424b-9868-57a2d4851a1d">
      <Output>
      </Output>
    </UnitTestResult>
    <UnitTestResult executionId="1f1b35e8-9308-40ae-ba04-60ddfda598fd" testId="dd6dad73-eac6-aaf9-83ef-a924092e07de" testName="ParseDestTest" computerName="GBCD7MDCD3J" duration="00:00:00.1029040" startTime="2010-07-05T15:03:14.0917943+01:00" endTime="2010-07-05T15:03:14.2011679+01:00" testType="13cdc9d9-ddb5-4fa4-a97d-d965ccfc6d4b" outcome="Passed" testListId="8c84fa94-04c1-424b-9868-57a2d4851a1d">
      <Output>
      </Output>
    </UnitTestResult>
    <UnitTestResult executionId="ba340ac6-590e-450b-89af-442973386523" testId="7a0f74d5-7aa8-6f11-fdc6-8fef300999de" testName="ParseJumpInvalidLongVal" computerName="GBCD7MDCD3J" duration="00:00:00.0820720" startTime="2010-07-05T15:03:14.2011679+01:00" endTime="2010-07-05T15:03:14.2949167+01:00" testType="13cdc9d9-ddb5-4fa4-a97d-d965ccfc6d4b" outcome="Passed" testListId="8c84fa94-04c1-424b-9868-57a2d4851a1d">
      <Output>
      </Output>
    </UnitTestResult>
    <UnitTestResult executionId="61f92f4d-282d-4862-ab9c-2a8faa1ebf4b" testId="704348f8-c521-d394-61cf-5d37dc9c9000" testName="ParseJumpInvalidShortVal" computerName="GBCD7MDCD3J" duration="00:00:00.0006663" startTime="2010-07-05T15:03:14.2949167+01:00" endTime="2010-07-05T15:03:14.2949167+01:00" testType="13cdc9d9-ddb5-4fa4-a97d-d965ccfc6d4b" outcome="Passed" testListId="8c84fa94-04c1-424b-9868-57a2d4851a1d">
      <Output>
      </Output>
    </UnitTestResult>
    <UnitTestResult executionId="51562f7d-fead-4b88-a9b6-6e73de072640" testId="1f54e70b-5fa5-2548-5dd7-ffb8a2f27389" testName="ParseDestInvalidVal" computerName="GBCD7MDCD3J" duration="00:00:00.0007164" startTime="2010-07-05T15:03:14.2949167+01:00" endTime="2010-07-05T15:03:14.2949167+01:00" testType="13cdc9d9-ddb5-4fa4-a97d-d965ccfc6d4b" outcome="Passed" testListId="8c84fa94-04c1-424b-9868-57a2d4851a1d">
      <Output>
      </Output>
    </UnitTestResult>
    <UnitTestResult executionId="47251f75-2c74-4eed-b32a-7c7ddd379c0d" testId="f337076f-4e2e-06ce-0e05-eabf6c063124" testName="ParseJump" computerName="GBCD7MDCD3J" duration="00:00:00.0018052" startTime="2010-07-05T15:03:14.2949167+01:00" endTime="2010-07-05T15:03:14.2949167+01:00" testType="13cdc9d9-ddb5-4fa4-a97d-d965ccfc6d4b" outcome="Passed" testListId="8c84fa94-04c1-424b-9868-57a2d4851a1d">
      <Output>
      </Output>
    </UnitTestResult>
    <UnitTestResult executionId="faf4a75b-8c2a-47c4-94d5-36491118dfd6" testId="95405022-f83d-f9a8-744e-236e37904cac" testName="ParseDestInvalidValLowercase" computerName="GBCD7MDCD3J" duration="00:00:00.0006118" startTime="2010-07-05T15:03:14.2949167+01:00" endTime="2010-07-05T15:03:14.3105415+01:00" testType="13cdc9d9-ddb5-4fa4-a97d-d965ccfc6d4b" outcome="Passed" testListId="8c84fa94-04c1-424b-9868-57a2d4851a1d">
      <Output>
      </Output>
    </UnitTestResult>
    <UnitTestResult executionId="c5f953a7-b724-458c-9eb7-599e313187d9" testId="f662f0c7-2dee-6a0c-3fe7-c790e1e75161" testName="ParseDestInvalidLong" computerName="GBCD7MDCD3J" duration="00:00:00.0007237" startTime="2010-07-05T15:03:14.3105415+01:00" endTime="2010-07-05T15:03:14.3105415+01:00" testType="13cdc9d9-ddb5-4fa4-a97d-d965ccfc6d4b" outcome="Passed" testListId="8c84fa94-04c1-424b-9868-57a2d4851a1d">
      <Output>
      </Output>
    </UnitTestResult>
    <UnitTestResult executionId="12bf9255-cf58-4c62-aa1d-8a05b07cec3e" testId="edd8a708-f22f-d9d7-05ab-8b7660630bf9" testName="ParseCompTestInvalid" computerName="GBCD7MDCD3J" duration="00:00:00.0008693" startTime="2010-07-05T15:03:14.3105415+01:00" endTime="2010-07-05T15:03:14.3105415+01:00" testType="13cdc9d9-ddb5-4fa4-a97d-d965ccfc6d4b" outcome="Passed" testListId="8c84fa94-04c1-424b-9868-57a2d4851a1d">
      <Output>
      </Output>
    </UnitTestResult>
    <UnitTestResult executionId="fb36fd13-82e2-499c-a466-879ccb20e658" testId="11204abf-706d-312a-0711-738238b6c64e" testName="ParseComp" computerName="GBCD7MDCD3J" duration="00:00:00.0010534" startTime="2010-07-05T15:03:14.3105415+01:00" endTime="2010-07-05T15:03:14.3105415+01:00" testType="13cdc9d9-ddb5-4fa4-a97d-d965ccfc6d4b" outcome="Passed" testListId="8c84fa94-04c1-424b-9868-57a2d4851a1d">
      <Output>
      </Output>
    </UnitTestResult>
    <UnitTestResult executionId="1812ce3b-9851-4743-bf53-89575d663f63" testId="e5f24ff9-72b1-710a-0150-cb0bd7e5710b" testName="Comment" computerName="GBCD7MDCD3J" duration="00:00:00.0002373" startTime="2010-07-05T15:03:14.3105415+01:00" endTime="2010-07-05T15:03:14.3261663+01:00" testType="13cdc9d9-ddb5-4fa4-a97d-d965ccfc6d4b" outcome="Passed" testListId="8c84fa94-04c1-424b-9868-57a2d4851a1d">
      <Output>
      </Output>
    </UnitTestResult>
  </Results>
</TestRun>