<?xml version="1.0" encoding="UTF-8"?>
<TestRun id="18d12f4f-8c16-451d-a546-8597c7497412" name="gbyatchr@GBCD7MDCD3J 2010-07-05 14:03:15" runUser="INT\gbyatchr" xmlns="http://microsoft.com/schemas/VisualStudio/TeamTest/2006">
  <TestRunConfiguration name="Local Test Run" id="95c38fd3-e296-4607-9f95-4676b0a6d2ca">
    <Description>This is a default test run configuration for a local test run.</Description>
    <Deployment runDeploymentRoot="C:\Documents and Settings\gbyatchr\My Documents\tecs-software-suite-2.5\Projects\project 06\Assembler\TestResults\gbyatchr_GBCD7MDCD3J 2010-07-05 14_03_15">
      <DeploymentItem filename="C:\Documents and Settings\gbyatchr\My Documents\tecs-software-suite-2.5\Projects\project 06\Assembler\AssemblerLib\bin\Debug\AssemblerLib.dll" />
    </Deployment>
    <TestTypeSpecific />
  </TestRunConfiguration>
  <ResultSummary outcome="Failed">
    <Counters total="5" executed="5" passed="2" error="0" failed="1" timeout="0" aborted="0" inconclusive="2" passedButRunAborted="0" notRunnable="0" notExecuted="0" disconnected="0" warning="0" completed="0" inProgress="0" pending="0" />
  </ResultSummary>
  <Times creation="2010-07-05T14:03:15.2003607+01:00" queuing="2010-07-05T14:03:16.8097151+01:00" start="2010-07-05T14:03:17.0284623+01:00" finish="2010-07-05T14:03:25.0439847+01:00" />
  <TestDefinitions>
    <UnitTest name="ParseCompTest" storage="c:\documents and settings\gbyatchr\my documents\tecs-software-suite-2.5\projects\project 06\assembler\assemblertest\bin\debug\assemblertest.dll" id="77706cfb-0a47-baf7-c0da-d3cbf9ffbe32">
      <Css projectStructure="" iteration="" />
      <Owners>
        <Owner name="" />
      </Owners>
      <DeploymentItems>
        <DeploymentItem filename="AssemblerLib.dll" />
      </DeploymentItems>
      <Execution id="a0294fd3-4f1c-45b8-8d59-a28cd336e4ae" />
      <TestMethod codeBase="C:\Documents and Settings\gbyatchr\My Documents\tecs-software-suite-2.5\Projects\project 06\Assembler\AssemblerTest\bin\Debug\AssemblerTest.dll" adapterTypeName="Microsoft.VisualStudio.TestTools.TestTypes.Unit.UnitTestAdapter, Microsoft.VisualStudio.QualityTools.Tips.UnitTest.Adapter, Version=9.0.0.0, Culture=neutral, PublicKeyToken=b03f5f7f11d50a3a" className="AssemblerTest.CinstructionTest, AssemblerTest" name="ParseCompTest" />
    </UnitTest>
    <UnitTest name="ParseDestTest" storage="c:\documents and settings\gbyatchr\my documents\tecs-software-suite-2.5\projects\project 06\assembler\assemblertest\bin\debug\assemblertest.dll" id="dd6dad73-eac6-aaf9-83ef-a924092e07de">
      <Css projectStructure="" iteration="" />
      <Owners>
        <Owner name="" />
      </Owners>
      <DeploymentItems>
        <DeploymentItem filename="AssemblerLib.dll" />
      </DeploymentItems>
      <Execution id="5cce06ee-fed6-4829-8b0d-9c9f941d5fc6" />
      <TestMethod codeBase="C:\Documents and Settings\gbyatchr\My Documents\tecs-software-suite-2.5\Projects\project 06\Assembler\AssemblerTest\bin\Debug\AssemblerTest.dll" adapterTypeName="Microsoft.VisualStudio.TestTools.TestTypes.Unit.UnitTestAdapter, Microsoft.VisualStudio.QualityTools.Tips.UnitTest.Adapter, Version=9.0.0.0, Culture=neutral, PublicKeyToken=b03f5f7f11d50a3a" className="AssemblerTest.CinstructionTest, AssemblerTest" name="ParseDestTest" />
    </UnitTest>
    <UnitTest name="ParseJump" storage="c:\documents and settings\gbyatchr\my documents\tecs-software-suite-2.5\projects\project 06\assembler\assemblertest\bin\debug\assemblertest.dll" id="f337076f-4e2e-06ce-0e05-eabf6c063124">
      <Css projectStructure="" iteration="" />
      <Owners>
        <Owner name="" />
      </Owners>
      <DeploymentItems>
        <DeploymentItem filename="AssemblerLib.dll" />
      </DeploymentItems>
      <Execution id="4e17ed54-5da6-471f-beab-d08902fd7538" />
      <TestMethod codeBase="C:\Documents and Settings\gbyatchr\My Documents\tecs-software-suite-2.5\Projects\project 06\Assembler\AssemblerTest\bin\Debug\AssemblerTest.dll" adapterTypeName="Microsoft.VisualStudio.TestTools.TestTypes.Unit.UnitTestAdapter, Microsoft.VisualStudio.QualityTools.Tips.UnitTest.Adapter, Version=9.0.0.0, Culture=neutral, PublicKeyToken=b03f5f7f11d50a3a" className="AssemblerTest.CinstructionTest, AssemblerTest" name="ParseJump" />
    </UnitTest>
    <UnitTest name="AInstruction" storage="c:\documents and settings\gbyatchr\my documents\tecs-software-suite-2.5\projects\project 06\assembler\assemblertest\bin\debug\assemblertest.dll" id="24fe5760-225c-4cd3-9876-b5cb10f101dc">
      <Css projectStructure="" iteration="" />
      <Owners>
        <Owner name="" />
      </Owners>
      <Execution id="e0261e3f-f24b-4f2a-9765-8a513b96a690" />
      <TestMethod codeBase="C:\Documents and Settings\gbyatchr\My Documents\tecs-software-suite-2.5\Projects\project 06\Assembler\AssemblerTest\bin\Debug\AssemblerTest.dll" adapterTypeName="Microsoft.VisualStudio.TestTools.TestTypes.Unit.UnitTestAdapter, Microsoft.VisualStudio.QualityTools.Tips.UnitTest.Adapter, Version=9.0.0.0, Culture=neutral, PublicKeyToken=b03f5f7f11d50a3a" className="AssemblerTest.AssemblerTests, AssemblerTest" name="AInstruction" />
    </UnitTest>
    <UnitTest name="CInstruction" storage="c:\documents and settings\gbyatchr\my documents\tecs-software-suite-2.5\projects\project 06\assembler\assemblertest\bin\debug\assemblertest.dll" id="4b11b75b-082c-a96c-6ad6-72d9a816aa1e">
      <Css projectStructure="" iteration="" />
      <Owners>
        <Owner name="" />
      </Owners>
      <Execution id="69086a49-015d-43a6-a026-82b3b449e9a4" />
      <TestMethod codeBase="C:\Documents and Settings\gbyatchr\My Documents\tecs-software-suite-2.5\Projects\project 06\Assembler\AssemblerTest\bin\Debug\AssemblerTest.dll" adapterTypeName="Microsoft.VisualStudio.TestTools.TestTypes.Unit.UnitTestAdapter, Microsoft.VisualStudio.QualityTools.Tips.UnitTest.Adapter, Version=9.0.0.0, Culture=neutral, PublicKeyToken=b03f5f7f11d50a3a" className="AssemblerTest.AssemblerTests, AssemblerTest" name="CInstruction" />
    </UnitTest>
  </TestDefinitions>
  <TestLists>
    <TestList name="Results Not in a List" id="8c84fa94-04c1-424b-9868-57a2d4851a1d" />
    <TestList name="All Loaded Results" id="19431567-8539-422a-85d7-44ee4e166bda" />
  </TestLists>
  <TestEntries>
    <TestEntry testId="24fe5760-225c-4cd3-9876-b5cb10f101dc" executionId="e0261e3f-f24b-4f2a-9765-8a513b96a690" testListId="8c84fa94-04c1-424b-9868-57a2d4851a1d" />
    <TestEntry testId="4b11b75b-082c-a96c-6ad6-72d9a816aa1e" executionId="69086a49-015d-43a6-a026-82b3b449e9a4" testListId="8c84fa94-04c1-424b-9868-57a2d4851a1d" />
    <TestEntry testId="77706cfb-0a47-baf7-c0da-d3cbf9ffbe32" executionId="a0294fd3-4f1c-45b8-8d59-a28cd336e4ae" testListId="8c84fa94-04c1-424b-9868-57a2d4851a1d" />
    <TestEntry testId="dd6dad73-eac6-aaf9-83ef-a924092e07de" executionId="5cce06ee-fed6-4829-8b0d-9c9f941d5fc6" testListId="8c84fa94-04c1-424b-9868-57a2d4851a1d" />
    <TestEntry testId="f337076f-4e2e-06ce-0e05-eabf6c063124" executionId="4e17ed54-5da6-471f-beab-d08902fd7538" testListId="8c84fa94-04c1-424b-9868-57a2d4851a1d" />
  </TestEntries>
  <Results>
    <UnitTestResult executionId="e0261e3f-f24b-4f2a-9765-8a513b96a690" testId="24fe5760-225c-4cd3-9876-b5cb10f101dc" testName="AInstruction" computerName="GBCD7MDCD3J" duration="00:00:02.8805285" startTime="2010-07-05T14:03:17.1065863+01:00" endTime="2010-07-05T14:03:20.7940391+01:00" testType="13cdc9d9-ddb5-4fa4-a97d-d965ccfc6d4b" outcome="Passed" testListId="8c84fa94-04c1-424b-9868-57a2d4851a1d">
      <Output>
      </Output>
    </UnitTestResult>
    <UnitTestResult executionId="69086a49-015d-43a6-a026-82b3b449e9a4" testId="4b11b75b-082c-a96c-6ad6-72d9a816aa1e" testName="CInstruction" computerName="GBCD7MDCD3J" duration="00:00:04.1045602" startTime="2010-07-05T14:03:20.7940391+01:00" endTime="2010-07-05T14:03:24.9033615+01:00" testType="13cdc9d9-ddb5-4fa4-a97d-d965ccfc6d4b" outcome="Failed" testListId="8c84fa94-04c1-424b-9868-57a2d4851a1d">
      <Output>
        <ErrorInfo>
          <Message>Test method AssemblerTest.AssemblerTests.CInstruction threw exception:  System.NotImplementedException: The method or operation is not implemented..</Message>
          <StackTrace>    at AssemblerLib.Cinstruction.Encode() in C:\Documents and Settings\gbyatchr\My Documents\tecs-software-suite-2.5\Projects\project 06\Assembler\AssemblerLib\CInstruction.cs:line 18
   at AssemblerLib.Assembler.Assemble(Stream input, Stream output) in C:\Documents and Settings\gbyatchr\My Documents\tecs-software-suite-2.5\Projects\project 06\Assembler\AssemblerLib\Assemble.cs:line 53
   at AssemblerTest.AssemblerTests.CInstruction() in C:\Documents and Settings\gbyatchr\My Documents\tecs-software-suite-2.5\Projects\project 06\Assembler\AssemblerTest\UnitTest1.cs:line 24
</StackTrace>
        </ErrorInfo>
      </Output>
    </UnitTestResult>
    <UnitTestResult executionId="a0294fd3-4f1c-45b8-8d59-a28cd336e4ae" testId="77706cfb-0a47-baf7-c0da-d3cbf9ffbe32" testName="ParseCompTest" computerName="GBCD7MDCD3J" duration="00:00:00.0458920" startTime="2010-07-05T14:03:24.9189863+01:00" endTime="2010-07-05T14:03:24.9658607+01:00" testType="13cdc9d9-ddb5-4fa4-a97d-d965ccfc6d4b" outcome="Inconclusive" testListId="8c84fa94-04c1-424b-9868-57a2d4851a1d">
      <Output>
        <ErrorInfo>
          <Message>Assert.Inconclusive failed. Verify the correctness of this test method.</Message>
          <StackTrace>   at AssemblerTest.CinstructionTest.ParseCompTest() in C:\Documents and Settings\gbyatchr\My Documents\tecs-software-suite-2.5\Projects\project 06\Assembler\AssemblerTest\CinstructionTest.cs:line 27
</StackTrace>
        </ErrorInfo>
      </Output>
    </UnitTestResult>
    <UnitTestResult executionId="5cce06ee-fed6-4829-8b0d-9c9f941d5fc6" testId="dd6dad73-eac6-aaf9-83ef-a924092e07de" testName="ParseDestTest" computerName="GBCD7MDCD3J" duration="00:00:00.0054212" startTime="2010-07-05T14:03:24.9658607+01:00" endTime="2010-07-05T14:03:24.9814855+01:00" testType="13cdc9d9-ddb5-4fa4-a97d-d965ccfc6d4b" outcome="Inconclusive" testListId="8c84fa94-04c1-424b-9868-57a2d4851a1d">
      <Output>
        <ErrorInfo>
          <Message>Assert.Inconclusive failed. Verify the correctness of this test method.</Message>
          <StackTrace>   at AssemblerTest.CinstructionTest.ParseDestTest() in C:\Documents and Settings\gbyatchr\My Documents\tecs-software-suite-2.5\Projects\project 06\Assembler\AssemblerTest\CinstructionTest.cs:line 42
</StackTrace>
        </ErrorInfo>
      </Output>
    </UnitTestResult>
    <UnitTestResult executionId="4e17ed54-5da6-471f-beab-d08902fd7538" testId="f337076f-4e2e-06ce-0e05-eabf6c063124" testName="ParseJump" computerName="GBCD7MDCD3J" duration="00:00:00.0021767" startTime="2010-07-05T14:03:24.9814855+01:00" endTime="2010-07-05T14:03:24.9971103+01:00" testType="13cdc9d9-ddb5-4fa4-a97d-d965ccfc6d4b" outcome="Passed" testListId="8c84fa94-04c1-424b-9868-57a2d4851a1d">
      <Output>
      </Output>
    </UnitTestResult>
  </Results>
</TestRun>