<?xml version="1.0" encoding="UTF-8"?>
<TestRun id="a2ac1b6f-ce91-437e-8213-41d3abb2c016" name="gbyatchr@GBCD7MDCD3J 2010-07-05 15:06:48" runUser="INT\gbyatchr" xmlns="http://microsoft.com/schemas/VisualStudio/TeamTest/2006">
  <TestRunConfiguration name="Local Test Run" id="95c38fd3-e296-4607-9f95-4676b0a6d2ca">
    <Description>This is a default test run configuration for a local test run.</Description>
    <Deployment runDeploymentRoot="C:\Documents and Settings\gbyatchr\My Documents\tecs-software-suite-2.5\Projects\project 06\Assembler\TestResults\gbyatchr_GBCD7MDCD3J 2010-07-05 15_06_48">
      <DeploymentItem filename="C:\Documents and Settings\gbyatchr\My Documents\tecs-software-suite-2.5\Projects\project 06\Assembler\AssemblerLib\bin\Debug\AssemblerLib.dll" />
    </Deployment>
    <TestTypeSpecific />
  </TestRunConfiguration>
  <ResultSummary outcome="Failed">
    <Counters total="13" executed="13" passed="12" error="0" failed="1" timeout="0" aborted="0" inconclusive="0" passedButRunAborted="0" notRunnable="0" notExecuted="0" disconnected="0" warning="0" completed="0" inProgress="0" pending="0" />
  </ResultSummary>
  <Times creation="2010-07-05T15:06:48.0578055+01:00" queuing="2010-07-05T15:06:53.0577415+01:00" start="2010-07-05T15:06:53.3858623+01:00" finish="2010-07-05T15:06:57.3076871+01:00" />
  <TestDefinitions>
    <UnitTest name="ParseComp" storage="c:\documents and settings\gbyatchr\my documents\tecs-software-suite-2.5\projects\project 06\assembler\assemblertest\bin\debug\assemblertest.dll" id="11204abf-706d-312a-0711-738238b6c64e">
      <Css projectStructure="" iteration="" />
      <Owners>
        <Owner name="" />
      </Owners>
      <DeploymentItems>
        <DeploymentItem filename="AssemblerLib.dll" />
      </DeploymentItems>
      <Execution id="35aebeff-3899-41e4-a56b-cced097478be" />
      <TestMethod codeBase="C:\Documents and Settings\gbyatchr\My Documents\tecs-software-suite-2.5\Projects\project 06\Assembler\AssemblerTest\bin\Debug\AssemblerTest.dll" adapterTypeName="Microsoft.VisualStudio.TestTools.TestTypes.Unit.UnitTestAdapter, Microsoft.VisualStudio.QualityTools.Tips.UnitTest.Adapter, Version=9.0.0.0, Culture=neutral, PublicKeyToken=b03f5f7f11d50a3a" className="AssemblerTest.CinstructionTest, AssemblerTest" name="ParseComp" />
    </UnitTest>
    <UnitTest name="ParseJumpInvalidLongVal" storage="c:\documents and settings\gbyatchr\my documents\tecs-software-suite-2.5\projects\project 06\assembler\assemblertest\bin\debug\assemblertest.dll" id="7a0f74d5-7aa8-6f11-fdc6-8fef300999de">
      <Css projectStructure="" iteration="" />
      <Owners>
        <Owner name="" />
      </Owners>
      <DeploymentItems>
        <DeploymentItem filename="AssemblerLib.dll" />
      </DeploymentItems>
      <Execution id="d3224ce4-b1c4-4197-abe3-e3c8feaa5870" />
      <TestMethod codeBase="C:\Documents and Settings\gbyatchr\My Documents\tecs-software-suite-2.5\Projects\project 06\Assembler\AssemblerTest\bin\Debug\AssemblerTest.dll" adapterTypeName="Microsoft.VisualStudio.TestTools.TestTypes.Unit.UnitTestAdapter, Microsoft.VisualStudio.QualityTools.Tips.UnitTest.Adapter, Version=9.0.0.0, Culture=neutral, PublicKeyToken=b03f5f7f11d50a3a" className="AssemblerTest.CinstructionTest, AssemblerTest" name="ParseJumpInvalidLongVal" />
    </UnitTest>
    <UnitTest name="ParseDestTest" storage="c:\documents and settings\gbyatchr\my documents\tecs-software-suite-2.5\projects\project 06\assembler\assemblertest\bin\debug\assemblertest.dll" id="dd6dad73-eac6-aaf9-83ef-a924092e07de">
      <Css projectStructure="" iteration="" />
      <Owners>
        <Owner name="" />
      </Owners>
      <DeploymentItems>
        <DeploymentItem filename="AssemblerLib.dll" />
      </DeploymentItems>
      <Execution id="f5686dd0-55c8-492c-b9e5-b94c17652838" />
      <TestMethod codeBase="C:\Documents and Settings\gbyatchr\My Documents\tecs-software-suite-2.5\Projects\project 06\Assembler\AssemblerTest\bin\Debug\AssemblerTest.dll" adapterTypeName="Microsoft.VisualStudio.TestTools.TestTypes.Unit.UnitTestAdapter, Microsoft.VisualStudio.QualityTools.Tips.UnitTest.Adapter, Version=9.0.0.0, Culture=neutral, PublicKeyToken=b03f5f7f11d50a3a" className="AssemblerTest.CinstructionTest, AssemblerTest" name="ParseDestTest" />
    </UnitTest>
    <UnitTest name="AInstruction" storage="c:\documents and settings\gbyatchr\my documents\tecs-software-suite-2.5\projects\project 06\assembler\assemblertest\bin\debug\assemblertest.dll" id="24fe5760-225c-4cd3-9876-b5cb10f101dc">
      <Css projectStructure="" iteration="" />
      <Owners>
        <Owner name="" />
      </Owners>
      <Execution id="3949d8a9-9cd4-4623-902a-b1aea0b32c00" />
      <TestMethod codeBase="C:\Documents and Settings\gbyatchr\My Documents\tecs-software-suite-2.5\Projects\project 06\Assembler\AssemblerTest\bin\Debug\AssemblerTest.dll" adapterTypeName="Microsoft.VisualStudio.TestTools.TestTypes.Unit.UnitTestAdapter, Microsoft.VisualStudio.QualityTools.Tips.UnitTest.Adapter, Version=9.0.0.0, Culture=neutral, PublicKeyToken=b03f5f7f11d50a3a" className="AssemblerTest.AssemblerTests, AssemblerTest" name="AInstruction" />
    </UnitTest>
    <UnitTest name="Comment" storage="c:\documents and settings\gbyatchr\my documents\tecs-software-suite-2.5\projects\project 06\assembler\assemblertest\bin\debug\assemblertest.dll" id="e5f24ff9-72b1-710a-0150-cb0bd7e5710b">
      <Css projectStructure="" iteration="" />
      <Owners>
        <Owner name="" />
      </Owners>
      <Execution id="386a71b0-e2f7-45c6-b308-a55f283b1014" />
      <TestMethod codeBase="C:\Documents and Settings\gbyatchr\My Documents\tecs-software-suite-2.5\Projects\project 06\Assembler\AssemblerTest\bin\Debug\AssemblerTest.dll" adapterTypeName="Microsoft.VisualStudio.TestTools.TestTypes.Unit.UnitTestAdapter, Microsoft.VisualStudio.QualityTools.Tips.UnitTest.Adapter, Version=9.0.0.0, Culture=neutral, PublicKeyToken=b03f5f7f11d50a3a" className="AssemblerTest.AssemblerTests, AssemblerTest" name="Comment" />
    </UnitTest>
    <UnitTest name="ParseJump" storage="c:\documents and settings\gbyatchr\my documents\tecs-software-suite-2.5\projects\project 06\assembler\assemblertest\bin\debug\assemblertest.dll" id="f337076f-4e2e-06ce-0e05-eabf6c063124">
      <Css projectStructure="" iteration="" />
      <Owners>
        <Owner name="" />
      </Owners>
      <DeploymentItems>
        <DeploymentItem filename="AssemblerLib.dll" />
      </DeploymentItems>
      <Execution id="94ee9853-d03f-48f5-93f0-660476329367" />
      <TestMethod codeBase="C:\Documents and Settings\gbyatchr\My Documents\tecs-software-suite-2.5\Projects\project 06\Assembler\AssemblerTest\bin\Debug\AssemblerTest.dll" adapterTypeName="Microsoft.VisualStudio.TestTools.TestTypes.Unit.UnitTestAdapter, Microsoft.VisualStudio.QualityTools.Tips.UnitTest.Adapter, Version=9.0.0.0, Culture=neutral, PublicKeyToken=b03f5f7f11d50a3a" className="AssemblerTest.CinstructionTest, AssemblerTest" name="ParseJump" />
    </UnitTest>
    <UnitTest name="ParseDestInvalidVal" storage="c:\documents and settings\gbyatchr\my documents\tecs-software-suite-2.5\projects\project 06\assembler\assemblertest\bin\debug\assemblertest.dll" id="1f54e70b-5fa5-2548-5dd7-ffb8a2f27389">
      <Css projectStructure="" iteration="" />
      <Owners>
        <Owner name="" />
      </Owners>
      <DeploymentItems>
        <DeploymentItem filename="AssemblerLib.dll" />
      </DeploymentItems>
      <Execution id="de5ecd52-27a3-4013-8aa0-e01584e11bb7" />
      <TestMethod codeBase="C:\Documents and Settings\gbyatchr\My Documents\tecs-software-suite-2.5\Projects\project 06\Assembler\AssemblerTest\bin\Debug\AssemblerTest.dll" adapterTypeName="Microsoft.VisualStudio.TestTools.TestTypes.Unit.UnitTestAdapter, Microsoft.VisualStudio.QualityTools.Tips.UnitTest.Adapter, Version=9.0.0.0, Culture=neutral, PublicKeyToken=b03f5f7f11d50a3a" className="AssemblerTest.CinstructionTest, AssemblerTest" name="ParseDestInvalidVal" />
    </UnitTest>
    <UnitTest name="Empty" storage="c:\documents and settings\gbyatchr\my documents\tecs-software-suite-2.5\projects\project 06\assembler\assemblertest\bin\debug\assemblertest.dll" id="d1088b07-7a2d-da2c-2f2b-4e63215370b8">
      <Css projectStructure="" iteration="" />
      <Owners>
        <Owner name="" />
      </Owners>
      <Execution id="c4d08a4c-9cd3-479e-8d51-684627e4bd36" />
      <TestMethod codeBase="C:\Documents and Settings\gbyatchr\My Documents\tecs-software-suite-2.5\Projects\project 06\Assembler\AssemblerTest\bin\Debug\AssemblerTest.dll" adapterTypeName="Microsoft.VisualStudio.TestTools.TestTypes.Unit.UnitTestAdapter, Microsoft.VisualStudio.QualityTools.Tips.UnitTest.Adapter, Version=9.0.0.0, Culture=neutral, PublicKeyToken=b03f5f7f11d50a3a" className="AssemblerTest.AssemblerTests, AssemblerTest" name="Empty" />
    </UnitTest>
    <UnitTest name="ParseDestInvalidValLowercase" storage="c:\documents and settings\gbyatchr\my documents\tecs-software-suite-2.5\projects\project 06\assembler\assemblertest\bin\debug\assemblertest.dll" id="95405022-f83d-f9a8-744e-236e37904cac">
      <Css projectStructure="" iteration="" />
      <Owners>
        <Owner name="" />
      </Owners>
      <DeploymentItems>
        <DeploymentItem filename="AssemblerLib.dll" />
      </DeploymentItems>
      <Execution id="94120495-1554-468b-8307-e833d3f2f31f" />
      <TestMethod codeBase="C:\Documents and Settings\gbyatchr\My Documents\tecs-software-suite-2.5\Projects\project 06\Assembler\AssemblerTest\bin\Debug\AssemblerTest.dll" adapterTypeName="Microsoft.VisualStudio.TestTools.TestTypes.Unit.UnitTestAdapter, Microsoft.VisualStudio.QualityTools.Tips.UnitTest.Adapter, Version=9.0.0.0, Culture=neutral, PublicKeyToken=b03f5f7f11d50a3a" className="AssemblerTest.CinstructionTest, AssemblerTest" name="ParseDestInvalidValLowercase" />
    </UnitTest>
    <UnitTest name="ParseDestInvalidLong" storage="c:\documents and settings\gbyatchr\my documents\tecs-software-suite-2.5\projects\project 06\assembler\assemblertest\bin\debug\assemblertest.dll" id="f662f0c7-2dee-6a0c-3fe7-c790e1e75161">
      <Css projectStructure="" iteration="" />
      <Owners>
        <Owner name="" />
      </Owners>
      <DeploymentItems>
        <DeploymentItem filename="AssemblerLib.dll" />
      </DeploymentItems>
      <Execution id="c90f609b-7ca5-4e02-883e-b82584c5e0b3" />
      <TestMethod codeBase="C:\Documents and Settings\gbyatchr\My Documents\tecs-software-suite-2.5\Projects\project 06\Assembler\AssemblerTest\bin\Debug\AssemblerTest.dll" adapterTypeName="Microsoft.VisualStudio.TestTools.TestTypes.Unit.UnitTestAdapter, Microsoft.VisualStudio.QualityTools.Tips.UnitTest.Adapter, Version=9.0.0.0, Culture=neutral, PublicKeyToken=b03f5f7f11d50a3a" className="AssemblerTest.CinstructionTest, AssemblerTest" name="ParseDestInvalidLong" />
    </UnitTest>
    <UnitTest name="CInstruction" storage="c:\documents and settings\gbyatchr\my documents\tecs-software-suite-2.5\projects\project 06\assembler\assemblertest\bin\debug\assemblertest.dll" id="4b11b75b-082c-a96c-6ad6-72d9a816aa1e">
      <Css projectStructure="" iteration="" />
      <Owners>
        <Owner name="" />
      </Owners>
      <Execution id="506bd047-c679-4f72-ae1b-c1729ea87896" />
      <TestMethod codeBase="C:\Documents and Settings\gbyatchr\My Documents\tecs-software-suite-2.5\Projects\project 06\Assembler\AssemblerTest\bin\Debug\AssemblerTest.dll" adapterTypeName="Microsoft.VisualStudio.TestTools.TestTypes.Unit.UnitTestAdapter, Microsoft.VisualStudio.QualityTools.Tips.UnitTest.Adapter, Version=9.0.0.0, Culture=neutral, PublicKeyToken=b03f5f7f11d50a3a" className="AssemblerTest.AssemblerTests, AssemblerTest" name="CInstruction" />
    </UnitTest>
    <UnitTest name="ParseCompTestInvalid" storage="c:\documents and settings\gbyatchr\my documents\tecs-software-suite-2.5\projects\project 06\assembler\assemblertest\bin\debug\assemblertest.dll" id="edd8a708-f22f-d9d7-05ab-8b7660630bf9">
      <Css projectStructure="" iteration="" />
      <Owners>
        <Owner name="" />
      </Owners>
      <DeploymentItems>
        <DeploymentItem filename="AssemblerLib.dll" />
      </DeploymentItems>
      <Execution id="8e1099fb-4c15-4f56-8abd-f559eed37faa" />
      <TestMethod codeBase="C:\Documents and Settings\gbyatchr\My Documents\tecs-software-suite-2.5\Projects\project 06\Assembler\AssemblerTest\bin\Debug\AssemblerTest.dll" adapterTypeName="Microsoft.VisualStudio.TestTools.TestTypes.Unit.UnitTestAdapter, Microsoft.VisualStudio.QualityTools.Tips.UnitTest.Adapter, Version=9.0.0.0, Culture=neutral, PublicKeyToken=b03f5f7f11d50a3a" className="AssemblerTest.CinstructionTest, AssemblerTest" name="ParseCompTestInvalid" />
    </UnitTest>
    <UnitTest name="ParseJumpInvalidShortVal" storage="c:\documents and settings\gbyatchr\my documents\tecs-software-suite-2.5\projects\project 06\assembler\assemblertest\bin\debug\assemblertest.dll" id="704348f8-c521-d394-61cf-5d37dc9c9000">
      <Css projectStructure="" iteration="" />
      <Owners>
        <Owner name="" />
      </Owners>
      <DeploymentItems>
        <DeploymentItem filename="AssemblerLib.dll" />
      </DeploymentItems>
      <Execution id="7c0bd559-64d1-4dfe-bb28-654317edd407" />
      <TestMethod codeBase="C:\Documents and Settings\gbyatchr\My Documents\tecs-software-suite-2.5\Projects\project 06\Assembler\AssemblerTest\bin\Debug\AssemblerTest.dll" adapterTypeName="Microsoft.VisualStudio.TestTools.TestTypes.Unit.UnitTestAdapter, Microsoft.VisualStudio.QualityTools.Tips.UnitTest.Adapter, Version=9.0.0.0, Culture=neutral, PublicKeyToken=b03f5f7f11d50a3a" className="AssemblerTest.CinstructionTest, AssemblerTest" name="ParseJumpInvalidShortVal" />
    </UnitTest>
  </TestDefinitions>
  <TestLists>
    <TestList name="Results Not in a List" id="8c84fa94-04c1-424b-9868-57a2d4851a1d" />
    <TestList name="All Loaded Results" id="19431567-8539-422a-85d7-44ee4e166bda" />
  </TestLists>
  <TestEntries>
    <TestEntry testId="11204abf-706d-312a-0711-738238b6c64e" executionId="35aebeff-3899-41e4-a56b-cced097478be" testListId="8c84fa94-04c1-424b-9868-57a2d4851a1d" />
    <TestEntry testId="1f54e70b-5fa5-2548-5dd7-ffb8a2f27389" executionId="de5ecd52-27a3-4013-8aa0-e01584e11bb7" testListId="8c84fa94-04c1-424b-9868-57a2d4851a1d" />
    <TestEntry testId="24fe5760-225c-4cd3-9876-b5cb10f101dc" executionId="3949d8a9-9cd4-4623-902a-b1aea0b32c00" testListId="8c84fa94-04c1-424b-9868-57a2d4851a1d" />
    <TestEntry testId="4b11b75b-082c-a96c-6ad6-72d9a816aa1e" executionId="506bd047-c679-4f72-ae1b-c1729ea87896" testListId="8c84fa94-04c1-424b-9868-57a2d4851a1d" />
    <TestEntry testId="704348f8-c521-d394-61cf-5d37dc9c9000" executionId="7c0bd559-64d1-4dfe-bb28-654317edd407" testListId="8c84fa94-04c1-424b-9868-57a2d4851a1d" />
    <TestEntry testId="7a0f74d5-7aa8-6f11-fdc6-8fef300999de" executionId="d3224ce4-b1c4-4197-abe3-e3c8feaa5870" testListId="8c84fa94-04c1-424b-9868-57a2d4851a1d" />
    <TestEntry testId="95405022-f83d-f9a8-744e-236e37904cac" executionId="94120495-1554-468b-8307-e833d3f2f31f" testListId="8c84fa94-04c1-424b-9868-57a2d4851a1d" />
    <TestEntry testId="d1088b07-7a2d-da2c-2f2b-4e63215370b8" executionId="c4d08a4c-9cd3-479e-8d51-684627e4bd36" testListId="8c84fa94-04c1-424b-9868-57a2d4851a1d" />
    <TestEntry testId="dd6dad73-eac6-aaf9-83ef-a924092e07de" executionId="f5686dd0-55c8-492c-b9e5-b94c17652838" testListId="8c84fa94-04c1-424b-9868-57a2d4851a1d" />
    <TestEntry testId="e5f24ff9-72b1-710a-0150-cb0bd7e5710b" executionId="386a71b0-e2f7-45c6-b308-a55f283b1014" testListId="8c84fa94-04c1-424b-9868-57a2d4851a1d" />
    <TestEntry testId="edd8a708-f22f-d9d7-05ab-8b7660630bf9" executionId="8e1099fb-4c15-4f56-8abd-f559eed37faa" testListId="8c84fa94-04c1-424b-9868-57a2d4851a1d" />
    <TestEntry testId="f337076f-4e2e-06ce-0e05-eabf6c063124" executionId="94ee9853-d03f-48f5-93f0-660476329367" testListId="8c84fa94-04c1-424b-9868-57a2d4851a1d" />
    <TestEntry testId="f662f0c7-2dee-6a0c-3fe7-c790e1e75161" executionId="c90f609b-7ca5-4e02-883e-b82584c5e0b3" testListId="8c84fa94-04c1-424b-9868-57a2d4851a1d" />
  </TestEntries>
  <Results>
    <UnitTestResult executionId="35aebeff-3899-41e4-a56b-cced097478be" testId="11204abf-706d-312a-0711-738238b6c64e" testName="ParseComp" computerName="GBCD7MDCD3J" duration="00:00:00.4847100" startTime="2010-07-05T15:06:53.6202343+01:00" endTime="2010-07-05T15:06:56.9170671+01:00" testType="13cdc9d9-ddb5-4fa4-a97d-d965ccfc6d4b" outcome="Passed" testListId="8c84fa94-04c1-424b-9868-57a2d4851a1d">
      <Output>
      </Output>
    </UnitTestResult>
    <UnitTestResult executionId="de5ecd52-27a3-4013-8aa0-e01584e11bb7" testId="1f54e70b-5fa5-2548-5dd7-ffb8a2f27389" testName="ParseDestInvalidVal" computerName="GBCD7MDCD3J" duration="00:00:00.1155890" startTime="2010-07-05T15:06:56.9326919+01:00" endTime="2010-07-05T15:06:57.0576903+01:00" testType="13cdc9d9-ddb5-4fa4-a97d-d965ccfc6d4b" outcome="Passed" testListId="8c84fa94-04c1-424b-9868-57a2d4851a1d">
      <Output>
      </Output>
    </UnitTestResult>
    <UnitTestResult executionId="3949d8a9-9cd4-4623-902a-b1aea0b32c00" testId="24fe5760-225c-4cd3-9876-b5cb10f101dc" testName="AInstruction" computerName="GBCD7MDCD3J" duration="00:00:00.0042678" startTime="2010-07-05T15:06:57.0576903+01:00" endTime="2010-07-05T15:06:57.0576903+01:00" testType="13cdc9d9-ddb5-4fa4-a97d-d965ccfc6d4b" outcome="Passed" testListId="8c84fa94-04c1-424b-9868-57a2d4851a1d">
      <Output>
      </Output>
    </UnitTestResult>
    <UnitTestResult executionId="506bd047-c679-4f72-ae1b-c1729ea87896" testId="4b11b75b-082c-a96c-6ad6-72d9a816aa1e" testName="CInstruction" computerName="GBCD7MDCD3J" duration="00:00:00.0024836" startTime="2010-07-05T15:06:57.0733151+01:00" endTime="2010-07-05T15:06:57.0733151+01:00" testType="13cdc9d9-ddb5-4fa4-a97d-d965ccfc6d4b" outcome="Passed" testListId="8c84fa94-04c1-424b-9868-57a2d4851a1d">
      <Output>
      </Output>
    </UnitTestResult>
    <UnitTestResult executionId="7c0bd559-64d1-4dfe-bb28-654317edd407" testId="704348f8-c521-d394-61cf-5d37dc9c9000" testName="ParseJumpInvalidShortVal" computerName="GBCD7MDCD3J" duration="00:00:00.0069974" startTime="2010-07-05T15:06:57.0889399+01:00" endTime="2010-07-05T15:06:57.0889399+01:00" testType="13cdc9d9-ddb5-4fa4-a97d-d965ccfc6d4b" outcome="Passed" testListId="8c84fa94-04c1-424b-9868-57a2d4851a1d">
      <Output>
      </Output>
    </UnitTestResult>
    <UnitTestResult executionId="d3224ce4-b1c4-4197-abe3-e3c8feaa5870" testId="7a0f74d5-7aa8-6f11-fdc6-8fef300999de" testName="ParseJumpInvalidLongVal" computerName="GBCD7MDCD3J" duration="00:00:00.0097073" startTime="2010-07-05T15:06:57.1045647+01:00" endTime="2010-07-05T15:06:57.1045647+01:00" testType="13cdc9d9-ddb5-4fa4-a97d-d965ccfc6d4b" outcome="Passed" testListId="8c84fa94-04c1-424b-9868-57a2d4851a1d">
      <Output>
      </Output>
    </UnitTestResult>
    <UnitTestResult executionId="94120495-1554-468b-8307-e833d3f2f31f" testId="95405022-f83d-f9a8-744e-236e37904cac" testName="ParseDestInvalidValLowercase" computerName="GBCD7MDCD3J" duration="00:00:00.0067002" startTime="2010-07-05T15:06:57.1201895+01:00" endTime="2010-07-05T15:06:57.1201895+01:00" testType="13cdc9d9-ddb5-4fa4-a97d-d965ccfc6d4b" outcome="Passed" testListId="8c84fa94-04c1-424b-9868-57a2d4851a1d">
      <Output>
      </Output>
    </UnitTestResult>
    <UnitTestResult executionId="c4d08a4c-9cd3-479e-8d51-684627e4bd36" testId="d1088b07-7a2d-da2c-2f2b-4e63215370b8" testName="Empty" computerName="GBCD7MDCD3J" duration="00:00:00.0180862" startTime="2010-07-05T15:06:57.1358143+01:00" endTime="2010-07-05T15:06:57.1514391+01:00" testType="13cdc9d9-ddb5-4fa4-a97d-d965ccfc6d4b" outcome="Failed" testListId="8c84fa94-04c1-424b-9868-57a2d4851a1d">
      <Output>
        <ErrorInfo>
          <Message>Assert.Fail failed. </Message>
          <StackTrace>   at AssemblerTest.AssemblerTests.Empty() in C:\Documents and Settings\gbyatchr\My Documents\tecs-software-suite-2.5\Projects\project 06\Assembler\AssemblerTest\UnitTest1.cs:line 82
</StackTrace>
        </ErrorInfo>
      </Output>
    </UnitTestResult>
    <UnitTestResult executionId="f5686dd0-55c8-492c-b9e5-b94c17652838" testId="dd6dad73-eac6-aaf9-83ef-a924092e07de" testName="ParseDestTest" computerName="GBCD7MDCD3J" duration="00:00:00.0018932" startTime="2010-07-05T15:06:57.1670639+01:00" endTime="2010-07-05T15:06:57.1670639+01:00" testType="13cdc9d9-ddb5-4fa4-a97d-d965ccfc6d4b" outcome="Passed" testListId="8c84fa94-04c1-424b-9868-57a2d4851a1d">
      <Output>
      </Output>
    </UnitTestResult>
    <UnitTestResult executionId="386a71b0-e2f7-45c6-b308-a55f283b1014" testId="e5f24ff9-72b1-710a-0150-cb0bd7e5710b" testName="Comment" computerName="GBCD7MDCD3J" duration="00:00:00.0005807" startTime="2010-07-05T15:06:57.1826887+01:00" endTime="2010-07-05T15:06:57.1826887+01:00" testType="13cdc9d9-ddb5-4fa4-a97d-d965ccfc6d4b" outcome="Passed" testListId="8c84fa94-04c1-424b-9868-57a2d4851a1d">
      <Output>
      </Output>
    </UnitTestResult>
    <UnitTestResult executionId="8e1099fb-4c15-4f56-8abd-f559eed37faa" testId="edd8a708-f22f-d9d7-05ab-8b7660630bf9" testName="ParseCompTestInvalid" computerName="GBCD7MDCD3J" duration="00:00:00.0069163" startTime="2010-07-05T15:06:57.1826887+01:00" endTime="2010-07-05T15:06:57.1983135+01:00" testType="13cdc9d9-ddb5-4fa4-a97d-d965ccfc6d4b" outcome="Passed" testListId="8c84fa94-04c1-424b-9868-57a2d4851a1d">
      <Output>
      </Output>
    </UnitTestResult>
    <UnitTestResult executionId="94ee9853-d03f-48f5-93f0-660476329367" testId="f337076f-4e2e-06ce-0e05-eabf6c063124" testName="ParseJump" computerName="GBCD7MDCD3J" duration="00:00:00.0010411" startTime="2010-07-05T15:06:57.1983135+01:00" endTime="2010-07-05T15:06:57.2139383+01:00" testType="13cdc9d9-ddb5-4fa4-a97d-d965ccfc6d4b" outcome="Passed" testListId="8c84fa94-04c1-424b-9868-57a2d4851a1d">
      <Output>
      </Output>
    </UnitTestResult>
    <UnitTestResult executionId="c90f609b-7ca5-4e02-883e-b82584c5e0b3" testId="f662f0c7-2dee-6a0c-3fe7-c790e1e75161" testName="ParseDestInvalidLong" computerName="GBCD7MDCD3J" duration="00:00:00.0073132" startTime="2010-07-05T15:06:57.2139383+01:00" endTime="2010-07-05T15:06:57.2295631+01:00" testType="13cdc9d9-ddb5-4fa4-a97d-d965ccfc6d4b" outcome="Passed" testListId="8c84fa94-04c1-424b-9868-57a2d4851a1d">
      <Output>
      </Output>
    </UnitTestResult>
  </Results>
</TestRun>