<?xml version="1.0" encoding="UTF-8"?>
<TestRun id="84c55f81-0c04-4d77-aa0e-9b25b6edf9a7" name="gbyatchr@GBCD7MDCD3J 2010-07-05 14:51:33" runUser="INT\gbyatchr" xmlns="http://microsoft.com/schemas/VisualStudio/TeamTest/2006">
  <TestRunConfiguration name="Local Test Run" id="95c38fd3-e296-4607-9f95-4676b0a6d2ca">
    <Description>This is a default test run configuration for a local test run.</Description>
    <Deployment runDeploymentRoot="C:\Documents and Settings\gbyatchr\My Documents\tecs-software-suite-2.5\Projects\project 06\Assembler\TestResults\gbyatchr_GBCD7MDCD3J 2010-07-05 14_51_33">
      <DeploymentItem filename="C:\Documents and Settings\gbyatchr\My Documents\tecs-software-suite-2.5\Projects\project 06\Assembler\AssemblerLib\bin\Debug\AssemblerLib.dll" />
    </Deployment>
    <TestTypeSpecific />
  </TestRunConfiguration>
  <ResultSummary outcome="Failed">
    <Counters total="11" executed="11" passed="10" error="0" failed="1" timeout="0" aborted="0" inconclusive="0" passedButRunAborted="0" notRunnable="0" notExecuted="0" disconnected="0" warning="0" completed="0" inProgress="0" pending="0" />
  </ResultSummary>
  <Times creation="2010-07-05T14:51:33.0851423+01:00" queuing="2010-07-05T14:51:34.7257463+01:00" start="2010-07-05T14:51:34.8976191+01:00" finish="2010-07-05T14:51:49.4443079+01:00" />
  <TestDefinitions>
    <UnitTest name="ParseJump" storage="c:\documents and settings\gbyatchr\my documents\tecs-software-suite-2.5\projects\project 06\assembler\assemblertest\bin\debug\assemblertest.dll" id="f337076f-4e2e-06ce-0e05-eabf6c063124">
      <Css projectStructure="" iteration="" />
      <Owners>
        <Owner name="" />
      </Owners>
      <DeploymentItems>
        <DeploymentItem filename="AssemblerLib.dll" />
      </DeploymentItems>
      <Execution id="73688f75-fa80-4b00-bc8f-e983a524d910" />
      <TestMethod codeBase="C:\Documents and Settings\gbyatchr\My Documents\tecs-software-suite-2.5\Projects\project 06\Assembler\AssemblerTest\bin\Debug\AssemblerTest.dll" adapterTypeName="Microsoft.VisualStudio.TestTools.TestTypes.Unit.UnitTestAdapter, Microsoft.VisualStudio.QualityTools.Tips.UnitTest.Adapter, Version=9.0.0.0, Culture=neutral, PublicKeyToken=b03f5f7f11d50a3a" className="AssemblerTest.CinstructionTest, AssemblerTest" name="ParseJump" />
    </UnitTest>
    <UnitTest name="ParseJumpInvalidLongVal" storage="c:\documents and settings\gbyatchr\my documents\tecs-software-suite-2.5\projects\project 06\assembler\assemblertest\bin\debug\assemblertest.dll" id="7a0f74d5-7aa8-6f11-fdc6-8fef300999de">
      <Css projectStructure="" iteration="" />
      <Owners>
        <Owner name="" />
      </Owners>
      <DeploymentItems>
        <DeploymentItem filename="AssemblerLib.dll" />
      </DeploymentItems>
      <Execution id="fe7ab09e-5a1a-4954-a0ab-4bb7d8db9a95" />
      <TestMethod codeBase="C:\Documents and Settings\gbyatchr\My Documents\tecs-software-suite-2.5\Projects\project 06\Assembler\AssemblerTest\bin\Debug\AssemblerTest.dll" adapterTypeName="Microsoft.VisualStudio.TestTools.TestTypes.Unit.UnitTestAdapter, Microsoft.VisualStudio.QualityTools.Tips.UnitTest.Adapter, Version=9.0.0.0, Culture=neutral, PublicKeyToken=b03f5f7f11d50a3a" className="AssemblerTest.CinstructionTest, AssemblerTest" name="ParseJumpInvalidLongVal" />
    </UnitTest>
    <UnitTest name="ParseComp" storage="c:\documents and settings\gbyatchr\my documents\tecs-software-suite-2.5\projects\project 06\assembler\assemblertest\bin\debug\assemblertest.dll" id="11204abf-706d-312a-0711-738238b6c64e">
      <Css projectStructure="" iteration="" />
      <Owners>
        <Owner name="" />
      </Owners>
      <DeploymentItems>
        <DeploymentItem filename="AssemblerLib.dll" />
      </DeploymentItems>
      <Execution id="cff37837-c6d3-4a7c-8b39-e0d1bdffa20b" />
      <TestMethod codeBase="C:\Documents and Settings\gbyatchr\My Documents\tecs-software-suite-2.5\Projects\project 06\Assembler\AssemblerTest\bin\Debug\AssemblerTest.dll" adapterTypeName="Microsoft.VisualStudio.TestTools.TestTypes.Unit.UnitTestAdapter, Microsoft.VisualStudio.QualityTools.Tips.UnitTest.Adapter, Version=9.0.0.0, Culture=neutral, PublicKeyToken=b03f5f7f11d50a3a" className="AssemblerTest.CinstructionTest, AssemblerTest" name="ParseComp" />
    </UnitTest>
    <UnitTest name="ParseDestTest" storage="c:\documents and settings\gbyatchr\my documents\tecs-software-suite-2.5\projects\project 06\assembler\assemblertest\bin\debug\assemblertest.dll" id="dd6dad73-eac6-aaf9-83ef-a924092e07de">
      <Css projectStructure="" iteration="" />
      <Owners>
        <Owner name="" />
      </Owners>
      <DeploymentItems>
        <DeploymentItem filename="AssemblerLib.dll" />
      </DeploymentItems>
      <Execution id="c792a6b5-395c-456c-9432-0d8d81b4d0ff" />
      <TestMethod codeBase="C:\Documents and Settings\gbyatchr\My Documents\tecs-software-suite-2.5\Projects\project 06\Assembler\AssemblerTest\bin\Debug\AssemblerTest.dll" adapterTypeName="Microsoft.VisualStudio.TestTools.TestTypes.Unit.UnitTestAdapter, Microsoft.VisualStudio.QualityTools.Tips.UnitTest.Adapter, Version=9.0.0.0, Culture=neutral, PublicKeyToken=b03f5f7f11d50a3a" className="AssemblerTest.CinstructionTest, AssemblerTest" name="ParseDestTest" />
    </UnitTest>
    <UnitTest name="AInstruction" storage="c:\documents and settings\gbyatchr\my documents\tecs-software-suite-2.5\projects\project 06\assembler\assemblertest\bin\debug\assemblertest.dll" id="24fe5760-225c-4cd3-9876-b5cb10f101dc">
      <Css projectStructure="" iteration="" />
      <Owners>
        <Owner name="" />
      </Owners>
      <Execution id="8c298847-ecf4-4d57-b2d4-24eb87d8dcac" />
      <TestMethod codeBase="C:\Documents and Settings\gbyatchr\My Documents\tecs-software-suite-2.5\Projects\project 06\Assembler\AssemblerTest\bin\Debug\AssemblerTest.dll" adapterTypeName="Microsoft.VisualStudio.TestTools.TestTypes.Unit.UnitTestAdapter, Microsoft.VisualStudio.QualityTools.Tips.UnitTest.Adapter, Version=9.0.0.0, Culture=neutral, PublicKeyToken=b03f5f7f11d50a3a" className="AssemblerTest.AssemblerTests, AssemblerTest" name="AInstruction" />
    </UnitTest>
    <UnitTest name="ParseDestInvalidValLowercase" storage="c:\documents and settings\gbyatchr\my documents\tecs-software-suite-2.5\projects\project 06\assembler\assemblertest\bin\debug\assemblertest.dll" id="95405022-f83d-f9a8-744e-236e37904cac">
      <Css projectStructure="" iteration="" />
      <Owners>
        <Owner name="" />
      </Owners>
      <DeploymentItems>
        <DeploymentItem filename="AssemblerLib.dll" />
      </DeploymentItems>
      <Execution id="fc4dd5d5-03cd-4606-9128-68ac5c7f529b" />
      <TestMethod codeBase="C:\Documents and Settings\gbyatchr\My Documents\tecs-software-suite-2.5\Projects\project 06\Assembler\AssemblerTest\bin\Debug\AssemblerTest.dll" adapterTypeName="Microsoft.VisualStudio.TestTools.TestTypes.Unit.UnitTestAdapter, Microsoft.VisualStudio.QualityTools.Tips.UnitTest.Adapter, Version=9.0.0.0, Culture=neutral, PublicKeyToken=b03f5f7f11d50a3a" className="AssemblerTest.CinstructionTest, AssemblerTest" name="ParseDestInvalidValLowercase" />
    </UnitTest>
    <UnitTest name="ParseDestInvalidVal" storage="c:\documents and settings\gbyatchr\my documents\tecs-software-suite-2.5\projects\project 06\assembler\assemblertest\bin\debug\assemblertest.dll" id="1f54e70b-5fa5-2548-5dd7-ffb8a2f27389">
      <Css projectStructure="" iteration="" />
      <Owners>
        <Owner name="" />
      </Owners>
      <DeploymentItems>
        <DeploymentItem filename="AssemblerLib.dll" />
      </DeploymentItems>
      <Execution id="d2da807b-dedb-485d-9af1-066648f392e9" />
      <TestMethod codeBase="C:\Documents and Settings\gbyatchr\My Documents\tecs-software-suite-2.5\Projects\project 06\Assembler\AssemblerTest\bin\Debug\AssemblerTest.dll" adapterTypeName="Microsoft.VisualStudio.TestTools.TestTypes.Unit.UnitTestAdapter, Microsoft.VisualStudio.QualityTools.Tips.UnitTest.Adapter, Version=9.0.0.0, Culture=neutral, PublicKeyToken=b03f5f7f11d50a3a" className="AssemblerTest.CinstructionTest, AssemblerTest" name="ParseDestInvalidVal" />
    </UnitTest>
    <UnitTest name="ParseCompTestInvalid" storage="c:\documents and settings\gbyatchr\my documents\tecs-software-suite-2.5\projects\project 06\assembler\assemblertest\bin\debug\assemblertest.dll" id="edd8a708-f22f-d9d7-05ab-8b7660630bf9">
      <Css projectStructure="" iteration="" />
      <Owners>
        <Owner name="" />
      </Owners>
      <DeploymentItems>
        <DeploymentItem filename="AssemblerLib.dll" />
      </DeploymentItems>
      <Execution id="6ecccaa6-b46c-4c58-9495-7a1e5a4d2227" />
      <TestMethod codeBase="C:\Documents and Settings\gbyatchr\My Documents\tecs-software-suite-2.5\Projects\project 06\Assembler\AssemblerTest\bin\Debug\AssemblerTest.dll" adapterTypeName="Microsoft.VisualStudio.TestTools.TestTypes.Unit.UnitTestAdapter, Microsoft.VisualStudio.QualityTools.Tips.UnitTest.Adapter, Version=9.0.0.0, Culture=neutral, PublicKeyToken=b03f5f7f11d50a3a" className="AssemblerTest.CinstructionTest, AssemblerTest" name="ParseCompTestInvalid" />
    </UnitTest>
    <UnitTest name="ParseJumpInvalidShortVal" storage="c:\documents and settings\gbyatchr\my documents\tecs-software-suite-2.5\projects\project 06\assembler\assemblertest\bin\debug\assemblertest.dll" id="704348f8-c521-d394-61cf-5d37dc9c9000">
      <Css projectStructure="" iteration="" />
      <Owners>
        <Owner name="" />
      </Owners>
      <DeploymentItems>
        <DeploymentItem filename="AssemblerLib.dll" />
      </DeploymentItems>
      <Execution id="5c762675-0eda-4ad3-b034-bd2ac776a16a" />
      <TestMethod codeBase="C:\Documents and Settings\gbyatchr\My Documents\tecs-software-suite-2.5\Projects\project 06\Assembler\AssemblerTest\bin\Debug\AssemblerTest.dll" adapterTypeName="Microsoft.VisualStudio.TestTools.TestTypes.Unit.UnitTestAdapter, Microsoft.VisualStudio.QualityTools.Tips.UnitTest.Adapter, Version=9.0.0.0, Culture=neutral, PublicKeyToken=b03f5f7f11d50a3a" className="AssemblerTest.CinstructionTest, AssemblerTest" name="ParseJumpInvalidShortVal" />
    </UnitTest>
    <UnitTest name="ParseDestInvalidLong" storage="c:\documents and settings\gbyatchr\my documents\tecs-software-suite-2.5\projects\project 06\assembler\assemblertest\bin\debug\assemblertest.dll" id="f662f0c7-2dee-6a0c-3fe7-c790e1e75161">
      <Css projectStructure="" iteration="" />
      <Owners>
        <Owner name="" />
      </Owners>
      <DeploymentItems>
        <DeploymentItem filename="AssemblerLib.dll" />
      </DeploymentItems>
      <Execution id="94d7af47-e054-4871-8b63-7ee32b423170" />
      <TestMethod codeBase="C:\Documents and Settings\gbyatchr\My Documents\tecs-software-suite-2.5\Projects\project 06\Assembler\AssemblerTest\bin\Debug\AssemblerTest.dll" adapterTypeName="Microsoft.VisualStudio.TestTools.TestTypes.Unit.UnitTestAdapter, Microsoft.VisualStudio.QualityTools.Tips.UnitTest.Adapter, Version=9.0.0.0, Culture=neutral, PublicKeyToken=b03f5f7f11d50a3a" className="AssemblerTest.CinstructionTest, AssemblerTest" name="ParseDestInvalidLong" />
    </UnitTest>
    <UnitTest name="CInstruction" storage="c:\documents and settings\gbyatchr\my documents\tecs-software-suite-2.5\projects\project 06\assembler\assemblertest\bin\debug\assemblertest.dll" id="4b11b75b-082c-a96c-6ad6-72d9a816aa1e">
      <Css projectStructure="" iteration="" />
      <Owners>
        <Owner name="" />
      </Owners>
      <Execution id="aa9bcc5e-d28d-4e14-91fe-800da2313d5e" />
      <TestMethod codeBase="C:\Documents and Settings\gbyatchr\My Documents\tecs-software-suite-2.5\Projects\project 06\Assembler\AssemblerTest\bin\Debug\AssemblerTest.dll" adapterTypeName="Microsoft.VisualStudio.TestTools.TestTypes.Unit.UnitTestAdapter, Microsoft.VisualStudio.QualityTools.Tips.UnitTest.Adapter, Version=9.0.0.0, Culture=neutral, PublicKeyToken=b03f5f7f11d50a3a" className="AssemblerTest.AssemblerTests, AssemblerTest" name="CInstruction" />
    </UnitTest>
  </TestDefinitions>
  <TestLists>
    <TestList name="Results Not in a List" id="8c84fa94-04c1-424b-9868-57a2d4851a1d" />
    <TestList name="All Loaded Results" id="19431567-8539-422a-85d7-44ee4e166bda" />
  </TestLists>
  <TestEntries>
    <TestEntry testId="24fe5760-225c-4cd3-9876-b5cb10f101dc" executionId="8c298847-ecf4-4d57-b2d4-24eb87d8dcac" testListId="8c84fa94-04c1-424b-9868-57a2d4851a1d" />
    <TestEntry testId="4b11b75b-082c-a96c-6ad6-72d9a816aa1e" executionId="aa9bcc5e-d28d-4e14-91fe-800da2313d5e" testListId="8c84fa94-04c1-424b-9868-57a2d4851a1d" />
    <TestEntry testId="dd6dad73-eac6-aaf9-83ef-a924092e07de" executionId="c792a6b5-395c-456c-9432-0d8d81b4d0ff" testListId="8c84fa94-04c1-424b-9868-57a2d4851a1d" />
    <TestEntry testId="7a0f74d5-7aa8-6f11-fdc6-8fef300999de" executionId="fe7ab09e-5a1a-4954-a0ab-4bb7d8db9a95" testListId="8c84fa94-04c1-424b-9868-57a2d4851a1d" />
    <TestEntry testId="704348f8-c521-d394-61cf-5d37dc9c9000" executionId="5c762675-0eda-4ad3-b034-bd2ac776a16a" testListId="8c84fa94-04c1-424b-9868-57a2d4851a1d" />
    <TestEntry testId="1f54e70b-5fa5-2548-5dd7-ffb8a2f27389" executionId="d2da807b-dedb-485d-9af1-066648f392e9" testListId="8c84fa94-04c1-424b-9868-57a2d4851a1d" />
    <TestEntry testId="f337076f-4e2e-06ce-0e05-eabf6c063124" executionId="73688f75-fa80-4b00-bc8f-e983a524d910" testListId="8c84fa94-04c1-424b-9868-57a2d4851a1d" />
    <TestEntry testId="95405022-f83d-f9a8-744e-236e37904cac" executionId="fc4dd5d5-03cd-4606-9128-68ac5c7f529b" testListId="8c84fa94-04c1-424b-9868-57a2d4851a1d" />
    <TestEntry testId="f662f0c7-2dee-6a0c-3fe7-c790e1e75161" executionId="94d7af47-e054-4871-8b63-7ee32b423170" testListId="8c84fa94-04c1-424b-9868-57a2d4851a1d" />
    <TestEntry testId="edd8a708-f22f-d9d7-05ab-8b7660630bf9" executionId="6ecccaa6-b46c-4c58-9495-7a1e5a4d2227" testListId="8c84fa94-04c1-424b-9868-57a2d4851a1d" />
    <TestEntry testId="11204abf-706d-312a-0711-738238b6c64e" executionId="cff37837-c6d3-4a7c-8b39-e0d1bdffa20b" testListId="8c84fa94-04c1-424b-9868-57a2d4851a1d" />
  </TestEntries>
  <Results>
    <UnitTestResult executionId="8c298847-ecf4-4d57-b2d4-24eb87d8dcac" testId="24fe5760-225c-4cd3-9876-b5cb10f101dc" testName="AInstruction" computerName="GBCD7MDCD3J" duration="00:00:00.0517868" startTime="2010-07-05T14:51:34.9913679+01:00" endTime="2010-07-05T14:51:35.8507319+01:00" testType="13cdc9d9-ddb5-4fa4-a97d-d965ccfc6d4b" outcome="Passed" testListId="8c84fa94-04c1-424b-9868-57a2d4851a1d">
      <Output>
      </Output>
    </UnitTestResult>
    <UnitTestResult executionId="aa9bcc5e-d28d-4e14-91fe-800da2313d5e" testId="4b11b75b-082c-a96c-6ad6-72d9a816aa1e" testName="CInstruction" computerName="GBCD7MDCD3J" duration="00:00:03.9987152" startTime="2010-07-05T14:51:35.8507319+01:00" endTime="2010-07-05T14:51:39.8663055+01:00" testType="13cdc9d9-ddb5-4fa4-a97d-d965ccfc6d4b" outcome="Failed" testListId="8c84fa94-04c1-424b-9868-57a2d4851a1d">
      <Output>
        <ErrorInfo>
          <Message>Test method AssemblerTest.AssemblerTests.CInstruction threw exception:  System.FormatException: Invalid comp specification!.</Message>
          <StackTrace>    at AssemblerLib.Cinstruction.ParseComp(String input) in C:\Documents and Settings\gbyatchr\My Documents\tecs-software-suite-2.5\Projects\project 06\Assembler\AssemblerLib\CInstruction.cs:line 133
   at AssemblerLib.Cinstruction.Parse(String input) in C:\Documents and Settings\gbyatchr\My Documents\tecs-software-suite-2.5\Projects\project 06\Assembler\AssemblerLib\CInstruction.cs:line 160
   at AssemblerLib.Assembler.GetInstructions(List`1 lines) in C:\Documents and Settings\gbyatchr\My Documents\tecs-software-suite-2.5\Projects\project 06\Assembler\AssemblerLib\Assemble.cs:line 23
   at AssemblerLib.Assembler.Assemble(Stream input, Stream output) in C:\Documents and Settings\gbyatchr\My Documents\tecs-software-suite-2.5\Projects\project 06\Assembler\AssemblerLib\Assemble.cs:line 47
   at AssemblerTest.AssemblerTests.CInstruction() in C:\Documents and Settings\gbyatchr\My Documents\tecs-software-suite-2.5\Projects\project 06\Assembler\AssemblerTest\UnitTest1.cs:line 24
</StackTrace>
        </ErrorInfo>
      </Output>
    </UnitTestResult>
    <UnitTestResult executionId="c792a6b5-395c-456c-9432-0d8d81b4d0ff" testId="dd6dad73-eac6-aaf9-83ef-a924092e07de" testName="ParseDestTest" computerName="GBCD7MDCD3J" duration="00:00:02.9538423" startTime="2010-07-05T14:51:39.8663055+01:00" endTime="2010-07-05T14:51:42.8350175+01:00" testType="13cdc9d9-ddb5-4fa4-a97d-d965ccfc6d4b" outcome="Passed" testListId="8c84fa94-04c1-424b-9868-57a2d4851a1d">
      <Output>
      </Output>
    </UnitTestResult>
    <UnitTestResult executionId="fe7ab09e-5a1a-4954-a0ab-4bb7d8db9a95" testId="7a0f74d5-7aa8-6f11-fdc6-8fef300999de" testName="ParseJumpInvalidLongVal" computerName="GBCD7MDCD3J" duration="00:00:01.8106157" startTime="2010-07-05T14:51:42.8350175+01:00" endTime="2010-07-05T14:51:44.6474943+01:00" testType="13cdc9d9-ddb5-4fa4-a97d-d965ccfc6d4b" outcome="Passed" testListId="8c84fa94-04c1-424b-9868-57a2d4851a1d">
      <Output>
      </Output>
    </UnitTestResult>
    <UnitTestResult executionId="5c762675-0eda-4ad3-b034-bd2ac776a16a" testId="704348f8-c521-d394-61cf-5d37dc9c9000" testName="ParseJumpInvalidShortVal" computerName="GBCD7MDCD3J" duration="00:00:00.0069920" startTime="2010-07-05T14:51:44.6474943+01:00" endTime="2010-07-05T14:51:44.6631191+01:00" testType="13cdc9d9-ddb5-4fa4-a97d-d965ccfc6d4b" outcome="Passed" testListId="8c84fa94-04c1-424b-9868-57a2d4851a1d">
      <Output>
      </Output>
    </UnitTestResult>
    <UnitTestResult executionId="d2da807b-dedb-485d-9af1-066648f392e9" testId="1f54e70b-5fa5-2548-5dd7-ffb8a2f27389" testName="ParseDestInvalidVal" computerName="GBCD7MDCD3J" duration="00:00:00.0065885" startTime="2010-07-05T14:51:44.6631191+01:00" endTime="2010-07-05T14:51:44.6787439+01:00" testType="13cdc9d9-ddb5-4fa4-a97d-d965ccfc6d4b" outcome="Passed" testListId="8c84fa94-04c1-424b-9868-57a2d4851a1d">
      <Output>
      </Output>
    </UnitTestResult>
    <UnitTestResult executionId="73688f75-fa80-4b00-bc8f-e983a524d910" testId="f337076f-4e2e-06ce-0e05-eabf6c063124" testName="ParseJump" computerName="GBCD7MDCD3J" duration="00:00:00.0017603" startTime="2010-07-05T14:51:44.6787439+01:00" endTime="2010-07-05T14:51:44.6787439+01:00" testType="13cdc9d9-ddb5-4fa4-a97d-d965ccfc6d4b" outcome="Passed" testListId="8c84fa94-04c1-424b-9868-57a2d4851a1d">
      <Output>
      </Output>
    </UnitTestResult>
    <UnitTestResult executionId="fc4dd5d5-03cd-4606-9128-68ac5c7f529b" testId="95405022-f83d-f9a8-744e-236e37904cac" testName="ParseDestInvalidValLowercase" computerName="GBCD7MDCD3J" duration="00:00:00.0065657" startTime="2010-07-05T14:51:44.6943687+01:00" endTime="2010-07-05T14:51:44.6943687+01:00" testType="13cdc9d9-ddb5-4fa4-a97d-d965ccfc6d4b" outcome="Passed" testListId="8c84fa94-04c1-424b-9868-57a2d4851a1d">
      <Output>
      </Output>
    </UnitTestResult>
    <UnitTestResult executionId="94d7af47-e054-4871-8b63-7ee32b423170" testId="f662f0c7-2dee-6a0c-3fe7-c790e1e75161" testName="ParseDestInvalidLong" computerName="GBCD7MDCD3J" duration="00:00:00.0064259" startTime="2010-07-05T14:51:44.7099935+01:00" endTime="2010-07-05T14:51:44.7099935+01:00" testType="13cdc9d9-ddb5-4fa4-a97d-d965ccfc6d4b" outcome="Passed" testListId="8c84fa94-04c1-424b-9868-57a2d4851a1d">
      <Output>
      </Output>
    </UnitTestResult>
    <UnitTestResult executionId="6ecccaa6-b46c-4c58-9495-7a1e5a4d2227" testId="edd8a708-f22f-d9d7-05ab-8b7660630bf9" testName="ParseCompTestInvalid" computerName="GBCD7MDCD3J" duration="00:00:01.8752008" startTime="2010-07-05T14:51:44.7256183+01:00" endTime="2010-07-05T14:51:46.6005943+01:00" testType="13cdc9d9-ddb5-4fa4-a97d-d965ccfc6d4b" outcome="Passed" testListId="8c84fa94-04c1-424b-9868-57a2d4851a1d">
      <Output>
      </Output>
    </UnitTestResult>
    <UnitTestResult executionId="cff37837-c6d3-4a7c-8b39-e0d1bdffa20b" testId="11204abf-706d-312a-0711-738238b6c64e" testName="ParseComp" computerName="GBCD7MDCD3J" duration="00:00:02.7844743" startTime="2010-07-05T14:51:46.6005943+01:00" endTime="2010-07-05T14:51:49.3974335+01:00" testType="13cdc9d9-ddb5-4fa4-a97d-d965ccfc6d4b" outcome="Passed" testListId="8c84fa94-04c1-424b-9868-57a2d4851a1d">
      <Output>
      </Output>
    </UnitTestResult>
  </Results>
</TestRun>