<?xml version="1.0" encoding="UTF-8"?>
<TestRun id="370a6612-bb01-488f-9114-b96ff52679c5" name="GBYatChr@GBCD7MDCD3J 2011-08-09 12:48:43" runUser="INT\GBYatChr" xmlns="http://microsoft.com/schemas/VisualStudio/TeamTest/2010">
  <TestSettings name="Local Test Run" id="fcbc8474-472a-4921-9a42-a6d13604a151">
    <Description>This is a default test run configuration for a local test run.</Description>
    <Deployment runDeploymentRoot="GBYatChr_GBCD7MDCD3J 2011-08-09 12_48_43">
      <DeploymentItem filename="C:\Documents and Settings\gbyatchr\My Documents\tecs-software-suite-2.5\Projects\project 07\Parser\bin\Debug\Parser.dll" />
      <DeploymentItem filename="C:\Documents and Settings\gbyatchr\My Documents\tecs-software-suite-2.5\Projects\project 07\CodeWriter\bin\Debug\CodeWriter.dll" />
      <DeploymentItem filename="C:\Documents and Settings\gbyatchr\My Documents\tecs-software-suite-2.5\Projects\project 07\VM\bin\Debug\VM.dll" />
    </Deployment>
    <Execution>
      <TestTypeSpecific />
      <AgentRule name="Execution Agents">
      </AgentRule>
    </Execution>
  </TestSettings>
  <Times creation="2011-08-09T12:48:43.9736916+01:00" queuing="2011-08-09T12:48:53.5986916+01:00" start="2011-08-09T12:48:54.0049416+01:00" finish="2011-08-09T12:49:00.7080666+01:00" />
  <ResultSummary outcome="Failed">
    <Counters total="3" executed="3" passed="2" error="0" failed="1" timeout="0" aborted="0" inconclusive="0" passedButRunAborted="0" notRunnable="0" notExecuted="0" disconnected="0" warning="0" completed="0" inProgress="0" pending="0" />
  </ResultSummary>
  <TestDefinitions>
    <UnitTest name="TestCommandPush" storage="c:\documents and settings\gbyatchr\my documents\tecs-software-suite-2.5\projects\project 07\translatortests\bin\debug\translatortests.dll" id="a8c4ee52-5146-c2be-b7a5-6db033ba150d">
      <Execution id="80a4d784-cfb1-4c4c-a3e1-4581e727aac9" />
      <TestMethod codeBase="C:/Documents and Settings/gbyatchr/My Documents/tecs-software-suite-2.5/Projects/project 07/TranslatorTests/bin/Debug/TranslatorTests.DLL" adapterTypeName="Microsoft.VisualStudio.TestTools.TestTypes.Unit.UnitTestAdapter, Microsoft.VisualStudio.QualityTools.Tips.UnitTest.Adapter, Version=10.0.0.0, Culture=neutral, PublicKeyToken=b03f5f7f11d50a3a" className="TranslatorTests.UnitTest1, TranslatorTests, Version=1.0.0.0, Culture=neutral, PublicKeyToken=null" name="TestCommandPush" />
    </UnitTest>
    <UnitTest name="TestUninitialisedMemoryCommand" storage="c:\documents and settings\gbyatchr\my documents\tecs-software-suite-2.5\projects\project 07\translatortests\bin\debug\translatortests.dll" id="da8fd6c3-2a6c-f2e7-1dd2-1def727d9abf">
      <Execution id="d3685ef7-bf33-419c-aaee-ef6ad51cf249" />
      <TestMethod codeBase="C:/Documents and Settings/gbyatchr/My Documents/tecs-software-suite-2.5/Projects/project 07/TranslatorTests/bin/Debug/TranslatorTests.DLL" adapterTypeName="Microsoft.VisualStudio.TestTools.TestTypes.Unit.UnitTestAdapter, Microsoft.VisualStudio.QualityTools.Tips.UnitTest.Adapter, Version=10.0.0.0, Culture=neutral, PublicKeyToken=b03f5f7f11d50a3a" className="TranslatorTests.UnitTest1, TranslatorTests, Version=1.0.0.0, Culture=neutral, PublicKeyToken=null" name="TestUninitialisedMemoryCommand" />
    </UnitTest>
    <UnitTest name="TestCommandAdd" storage="c:\documents and settings\gbyatchr\my documents\tecs-software-suite-2.5\projects\project 07\translatortests\bin\debug\translatortests.dll" id="c39acf0b-0f18-e1df-bf19-0fefbaa237ec">
      <Execution id="4a5cb6c4-5eba-43c6-a1a0-009e21749c81" />
      <TestMethod codeBase="C:/Documents and Settings/gbyatchr/My Documents/tecs-software-suite-2.5/Projects/project 07/TranslatorTests/bin/Debug/TranslatorTests.DLL" adapterTypeName="Microsoft.VisualStudio.TestTools.TestTypes.Unit.UnitTestAdapter, Microsoft.VisualStudio.QualityTools.Tips.UnitTest.Adapter, Version=10.0.0.0, Culture=neutral, PublicKeyToken=b03f5f7f11d50a3a" className="TranslatorTests.UnitTest1, TranslatorTests, Version=1.0.0.0, Culture=neutral, PublicKeyToken=null" name="TestCommandAdd" />
    </UnitTest>
  </TestDefinitions>
  <TestLists>
    <TestList name="Results Not in a List" id="8c84fa94-04c1-424b-9868-57a2d4851a1d" />
    <TestList name="All Loaded Results" id="19431567-8539-422a-85d7-44ee4e166bda" />
  </TestLists>
  <TestEntries>
    <TestEntry testId="a8c4ee52-5146-c2be-b7a5-6db033ba150d" executionId="80a4d784-cfb1-4c4c-a3e1-4581e727aac9" testListId="8c84fa94-04c1-424b-9868-57a2d4851a1d" />
    <TestEntry testId="c39acf0b-0f18-e1df-bf19-0fefbaa237ec" executionId="4a5cb6c4-5eba-43c6-a1a0-009e21749c81" testListId="8c84fa94-04c1-424b-9868-57a2d4851a1d" />
    <TestEntry testId="da8fd6c3-2a6c-f2e7-1dd2-1def727d9abf" executionId="d3685ef7-bf33-419c-aaee-ef6ad51cf249" testListId="8c84fa94-04c1-424b-9868-57a2d4851a1d" />
  </TestEntries>
  <Results>
    <UnitTestResult executionId="80a4d784-cfb1-4c4c-a3e1-4581e727aac9" testId="a8c4ee52-5146-c2be-b7a5-6db033ba150d" testName="TestCommandPush" computerName="GBCD7MDCD3J" duration="00:00:04.8804143" startTime="2011-08-09T12:48:54.1924416+01:00" endTime="2011-08-09T12:49:00.1611916+01:00" testType="13cdc9d9-ddb5-4fa4-a97d-d965ccfc6d4b" outcome="Passed" testListId="8c84fa94-04c1-424b-9868-57a2d4851a1d" relativeResultsDirectory="80a4d784-cfb1-4c4c-a3e1-4581e727aac9">
    </UnitTestResult>
    <UnitTestResult executionId="4a5cb6c4-5eba-43c6-a1a0-009e21749c81" testId="c39acf0b-0f18-e1df-bf19-0fefbaa237ec" testName="TestCommandAdd" computerName="GBCD7MDCD3J" duration="00:00:00.2686183" startTime="2011-08-09T12:49:00.1924416+01:00" endTime="2011-08-09T12:49:00.4736916+01:00" testType="13cdc9d9-ddb5-4fa4-a97d-d965ccfc6d4b" outcome="Failed" testListId="8c84fa94-04c1-424b-9868-57a2d4851a1d" relativeResultsDirectory="4a5cb6c4-5eba-43c6-a1a0-009e21749c81">
      <Output>
        <ErrorInfo>
          <Message>Assert.AreEqual failed. Expected:&lt;@SP
@D=A
A=A+1
A=A+D
A=M
M=D
@SP
M=M+1
&gt;. Actual:&lt;bum&gt;. </Message>
          <StackTrace>   at TranslatorTests.UnitTest1.TestCommandAdd() in C:\Documents and Settings\gbyatchr\My Documents\tecs-software-suite-2.5\Projects\project 07\TranslatorTests\UnitTest1.cs:line 85
</StackTrace>
        </ErrorInfo>
      </Output>
    </UnitTestResult>
    <UnitTestResult executionId="d3685ef7-bf33-419c-aaee-ef6ad51cf249" testId="da8fd6c3-2a6c-f2e7-1dd2-1def727d9abf" testName="TestUninitialisedMemoryCommand" computerName="GBCD7MDCD3J" duration="00:00:00.0227828" startTime="2011-08-09T12:49:00.4893166+01:00" endTime="2011-08-09T12:49:00.5205666+01:00" testType="13cdc9d9-ddb5-4fa4-a97d-d965ccfc6d4b" outcome="Passed" testListId="8c84fa94-04c1-424b-9868-57a2d4851a1d" relativeResultsDirectory="d3685ef7-bf33-419c-aaee-ef6ad51cf249">
    </UnitTestResult>
  </Results>
</TestRun>