<?xml version="1.0" encoding="UTF-8"?>
<TestRun id="d774eacd-f36c-41b3-b57b-e0ccb6975979" name="gbyatchr@GBCD7MDCD3J 2011-01-10 13:04:23" runUser="INT\gbyatchr" xmlns="http://microsoft.com/schemas/VisualStudio/TeamTest/2010">
  <TestSettings name="Local Test Run" id="fcbc8474-472a-4921-9a42-a6d13604a151">
    <Description>This is a default test run configuration for a local test run.</Description>
    <Deployment runDeploymentRoot="gbyatchr_GBCD7MDCD3J 2011-01-10 13_04_23">
      <DeploymentItem filename="C:\Documents and Settings\gbyatchr\My Documents\tecs-software-suite-2.5\Projects\project 07\Parser\bin\Debug\Parser.dll" />
      <DeploymentItem filename="C:\Documents and Settings\gbyatchr\My Documents\tecs-software-suite-2.5\Projects\project 07\CodeWriter\bin\Debug\CodeWriter.dll" />
      <DeploymentItem filename="C:\Documents and Settings\gbyatchr\My Documents\tecs-software-suite-2.5\Projects\project 07\VM\bin\Debug\VM.dll" />
    </Deployment>
    <Execution>
      <TestTypeSpecific />
      <AgentRule name="Execution Agents">
      </AgentRule>
    </Execution>
  </TestSettings>
  <Times creation="2011-01-10T13:04:23.4597666+00:00" queuing="2011-01-10T13:04:28.0691121+00:00" start="2011-01-10T13:04:28.3972350+00:00" finish="2011-01-10T13:04:39.9127863+00:00" />
  <ResultSummary outcome="Failed">
    <Counters total="3" executed="3" passed="2" error="0" failed="1" timeout="0" aborted="0" inconclusive="0" passedButRunAborted="0" notRunnable="0" notExecuted="0" disconnected="0" warning="0" completed="0" inProgress="0" pending="0" />
  </ResultSummary>
  <TestDefinitions>
    <UnitTest name="TestCommandPush" storage="c:\documents and settings\gbyatchr\my documents\tecs-software-suite-2.5\projects\project 07\translatortests\bin\debug\translatortests.dll" id="a8c4ee52-5146-c2be-b7a5-6db033ba150d">
      <Execution id="39025ad4-837a-4306-89d6-fbcb5401d6f3" />
      <TestMethod codeBase="C:/Documents and Settings/gbyatchr/My Documents/tecs-software-suite-2.5/Projects/project 07/TranslatorTests/bin/Debug/TranslatorTests.DLL" adapterTypeName="Microsoft.VisualStudio.TestTools.TestTypes.Unit.UnitTestAdapter, Microsoft.VisualStudio.QualityTools.Tips.UnitTest.Adapter, Version=10.0.0.0, Culture=neutral, PublicKeyToken=b03f5f7f11d50a3a" className="TranslatorTests.UnitTest1, TranslatorTests, Version=1.0.0.0, Culture=neutral, PublicKeyToken=null" name="TestCommandPush" />
    </UnitTest>
    <UnitTest name="TestUninitialisedMemoryCommand" storage="c:\documents and settings\gbyatchr\my documents\tecs-software-suite-2.5\projects\project 07\translatortests\bin\debug\translatortests.dll" id="da8fd6c3-2a6c-f2e7-1dd2-1def727d9abf">
      <Execution id="a81237e9-bf2e-4f63-b610-04a4d73da200" />
      <TestMethod codeBase="C:/Documents and Settings/gbyatchr/My Documents/tecs-software-suite-2.5/Projects/project 07/TranslatorTests/bin/Debug/TranslatorTests.DLL" adapterTypeName="Microsoft.VisualStudio.TestTools.TestTypes.Unit.UnitTestAdapter, Microsoft.VisualStudio.QualityTools.Tips.UnitTest.Adapter, Version=10.0.0.0, Culture=neutral, PublicKeyToken=b03f5f7f11d50a3a" className="TranslatorTests.UnitTest1, TranslatorTests, Version=1.0.0.0, Culture=neutral, PublicKeyToken=null" name="TestUninitialisedMemoryCommand" />
    </UnitTest>
    <UnitTest name="TestCommandAdd" storage="c:\documents and settings\gbyatchr\my documents\tecs-software-suite-2.5\projects\project 07\translatortests\bin\debug\translatortests.dll" id="c39acf0b-0f18-e1df-bf19-0fefbaa237ec">
      <Execution id="957eebdc-d0ec-4bf4-966d-e5eeef10e9cb" />
      <TestMethod codeBase="C:/Documents and Settings/gbyatchr/My Documents/tecs-software-suite-2.5/Projects/project 07/TranslatorTests/bin/Debug/TranslatorTests.DLL" adapterTypeName="Microsoft.VisualStudio.TestTools.TestTypes.Unit.UnitTestAdapter, Microsoft.VisualStudio.QualityTools.Tips.UnitTest.Adapter, Version=10.0.0.0, Culture=neutral, PublicKeyToken=b03f5f7f11d50a3a" className="TranslatorTests.UnitTest1, TranslatorTests, Version=1.0.0.0, Culture=neutral, PublicKeyToken=null" name="TestCommandAdd" />
    </UnitTest>
  </TestDefinitions>
  <TestLists>
    <TestList name="Results Not in a List" id="8c84fa94-04c1-424b-9868-57a2d4851a1d" />
    <TestList name="All Loaded Results" id="19431567-8539-422a-85d7-44ee4e166bda" />
  </TestLists>
  <TestEntries>
    <TestEntry testId="a8c4ee52-5146-c2be-b7a5-6db033ba150d" executionId="39025ad4-837a-4306-89d6-fbcb5401d6f3" testListId="8c84fa94-04c1-424b-9868-57a2d4851a1d" />
    <TestEntry testId="c39acf0b-0f18-e1df-bf19-0fefbaa237ec" executionId="957eebdc-d0ec-4bf4-966d-e5eeef10e9cb" testListId="8c84fa94-04c1-424b-9868-57a2d4851a1d" />
    <TestEntry testId="da8fd6c3-2a6c-f2e7-1dd2-1def727d9abf" executionId="a81237e9-bf2e-4f63-b610-04a4d73da200" testListId="8c84fa94-04c1-424b-9868-57a2d4851a1d" />
  </TestEntries>
  <Results>
    <UnitTestResult executionId="39025ad4-837a-4306-89d6-fbcb5401d6f3" testId="a8c4ee52-5146-c2be-b7a5-6db033ba150d" testName="TestCommandPush" computerName="GBCD7MDCD3J" duration="00:00:09.4939834" startTime="2011-01-10T13:04:28.6003587+00:00" endTime="2011-01-10T13:04:39.5690385+00:00" testType="13cdc9d9-ddb5-4fa4-a97d-d965ccfc6d4b" outcome="Passed" testListId="8c84fa94-04c1-424b-9868-57a2d4851a1d" relativeResultsDirectory="39025ad4-837a-4306-89d6-fbcb5401d6f3">
    </UnitTestResult>
    <UnitTestResult executionId="957eebdc-d0ec-4bf4-966d-e5eeef10e9cb" testId="c39acf0b-0f18-e1df-bf19-0fefbaa237ec" testName="TestCommandAdd" computerName="GBCD7MDCD3J" duration="00:00:00.0964791" startTime="2011-01-10T13:04:39.5846634+00:00" endTime="2011-01-10T13:04:39.6940377+00:00" testType="13cdc9d9-ddb5-4fa4-a97d-d965ccfc6d4b" outcome="Failed" testListId="8c84fa94-04c1-424b-9868-57a2d4851a1d" relativeResultsDirectory="957eebdc-d0ec-4bf4-966d-e5eeef10e9cb">
      <Output>
        <ErrorInfo>
          <Message>Test method TranslatorTests.UnitTest1.TestCommandAdd threw exception: 
System.NotImplementedException: The method or operation is not implemented.</Message>
          <StackTrace>    at VM.AddCommand.Assembly() in C:\Documents and Settings\gbyatchr\My Documents\tecs-software-suite-2.5\Projects\project 07\VM\ArithmeticCommands.cs:line 25
   at TranslatorTests.UnitTest1.TestCommandAdd() in C:\Documents and Settings\gbyatchr\My Documents\tecs-software-suite-2.5\Projects\project 07\TranslatorTests\UnitTest1.cs:line 85
</StackTrace>
        </ErrorInfo>
      </Output>
    </UnitTestResult>
    <UnitTestResult executionId="a81237e9-bf2e-4f63-b610-04a4d73da200" testId="da8fd6c3-2a6c-f2e7-1dd2-1def727d9abf" testName="TestUninitialisedMemoryCommand" computerName="GBCD7MDCD3J" duration="00:00:00.0202084" startTime="2011-01-10T13:04:39.7252875+00:00" endTime="2011-01-10T13:04:39.7721622+00:00" testType="13cdc9d9-ddb5-4fa4-a97d-d965ccfc6d4b" outcome="Passed" testListId="8c84fa94-04c1-424b-9868-57a2d4851a1d" relativeResultsDirectory="a81237e9-bf2e-4f63-b610-04a4d73da200">
    </UnitTestResult>
  </Results>
</TestRun>